ERROR - 2023-07-04 11:21:48 --> Error connecting to the database: No such file or directory
ERROR - 2023-07-04 11:22:06 --> Can't create database 'address_book'; database exists
CRITICAL - 2023-07-04 11:23:34 --> Attempt to read property "maintenance_mode_status" on null
#0 /Users/yassuki/works/web/address_book/morelab/app/Filters/Maintenance.php(18): CodeIgniter\Debug\Exceptions->errorHandler(2, 'Attempt to read...', '/Users/yassuki/...', 18)
#1 /Users/yassuki/works/web/address_book/morelab/vendor/codeigniter4/framework/system/Filters/Filters.php(173): App\Filters\Maintenance->before(Object(CodeIgniter\HTTP\IncomingRequest), NULL)
#2 /Users/yassuki/works/web/address_book/morelab/vendor/codeigniter4/framework/system/CodeIgniter.php(386): CodeIgniter\Filters\Filters->run('/', 'before')
#3 /Users/yassuki/works/web/address_book/morelab/vendor/codeigniter4/framework/system/CodeIgniter.php(320): CodeIgniter\CodeIgniter->handleRequest(NULL, Object(Config\Cache), false)
#4 /Users/yassuki/works/web/address_book/morelab/public/index.php(37): CodeIgniter\CodeIgniter->run()
#5 /Users/yassuki/works/web/address_book/morelab/vendor/codeigniter4/framework/system/Commands/Server/rewrite.php(43): require_once('/Users/yassuki/...')
#6 {main}
CRITICAL - 2023-07-04 11:24:04 --> Attempt to read property "maintenance_mode_status" on null
#0 /Users/yassuki/works/web/address_book/morelab/app/Filters/Maintenance.php(18): CodeIgniter\Debug\Exceptions->errorHandler(2, 'Attempt to read...', '/Users/yassuki/...', 18)
#1 /Users/yassuki/works/web/address_book/morelab/vendor/codeigniter4/framework/system/Filters/Filters.php(173): App\Filters\Maintenance->before(Object(CodeIgniter\HTTP\IncomingRequest), NULL)
#2 /Users/yassuki/works/web/address_book/morelab/vendor/codeigniter4/framework/system/CodeIgniter.php(386): CodeIgniter\Filters\Filters->run('/', 'before')
#3 /Users/yassuki/works/web/address_book/morelab/vendor/codeigniter4/framework/system/CodeIgniter.php(320): CodeIgniter\CodeIgniter->handleRequest(NULL, Object(Config\Cache), false)
#4 /Users/yassuki/works/web/address_book/morelab/public/index.php(37): CodeIgniter\CodeIgniter->run()
#5 /Users/yassuki/works/web/address_book/morelab/vendor/codeigniter4/framework/system/Commands/Server/rewrite.php(43): require_once('/Users/yassuki/...')
#6 {main}
CRITICAL - 2023-07-04 11:24:04 --> Attempt to read property "maintenance_mode_status" on null
#0 /Users/yassuki/works/web/address_book/morelab/app/Filters/Maintenance.php(18): CodeIgniter\Debug\Exceptions->errorHandler(2, 'Attempt to read...', '/Users/yassuki/...', 18)
#1 /Users/yassuki/works/web/address_book/morelab/vendor/codeigniter4/framework/system/Filters/Filters.php(173): App\Filters\Maintenance->before(Object(CodeIgniter\HTTP\IncomingRequest), NULL)
#2 /Users/yassuki/works/web/address_book/morelab/vendor/codeigniter4/framework/system/CodeIgniter.php(386): CodeIgniter\Filters\Filters->run('/', 'before')
#3 /Users/yassuki/works/web/address_book/morelab/vendor/codeigniter4/framework/system/CodeIgniter.php(320): CodeIgniter\CodeIgniter->handleRequest(NULL, Object(Config\Cache), false)
#4 /Users/yassuki/works/web/address_book/morelab/public/index.php(37): CodeIgniter\CodeIgniter->run()
#5 /Users/yassuki/works/web/address_book/morelab/vendor/codeigniter4/framework/system/Commands/Server/rewrite.php(43): require_once('/Users/yassuki/...')
#6 {main}
CRITICAL - 2023-07-04 11:24:04 --> Attempt to read property "maintenance_mode_status" on null
#0 /Users/yassuki/works/web/address_book/morelab/app/Filters/Maintenance.php(18): CodeIgniter\Debug\Exceptions->errorHandler(2, 'Attempt to read...', '/Users/yassuki/...', 18)
#1 /Users/yassuki/works/web/address_book/morelab/vendor/codeigniter4/framework/system/Filters/Filters.php(173): App\Filters\Maintenance->before(Object(CodeIgniter\HTTP\IncomingRequest), NULL)
#2 /Users/yassuki/works/web/address_book/morelab/vendor/codeigniter4/framework/system/CodeIgniter.php(386): CodeIgniter\Filters\Filters->run('/', 'before')
#3 /Users/yassuki/works/web/address_book/morelab/vendor/codeigniter4/framework/system/CodeIgniter.php(320): CodeIgniter\CodeIgniter->handleRequest(NULL, Object(Config\Cache), false)
#4 /Users/yassuki/works/web/address_book/morelab/public/index.php(37): CodeIgniter\CodeIgniter->run()
#5 /Users/yassuki/works/web/address_book/morelab/vendor/codeigniter4/framework/system/Commands/Server/rewrite.php(43): require_once('/Users/yassuki/...')
#6 {main}
CRITICAL - 2023-07-04 11:24:13 --> Attempt to read property "maintenance_mode_status" on null
#0 /Users/yassuki/works/web/address_book/morelab/app/Filters/Maintenance.php(18): CodeIgniter\Debug\Exceptions->errorHandler(2, 'Attempt to read...', '/Users/yassuki/...', 18)
#1 /Users/yassuki/works/web/address_book/morelab/vendor/codeigniter4/framework/system/Filters/Filters.php(173): App\Filters\Maintenance->before(Object(CodeIgniter\HTTP\IncomingRequest), NULL)
#2 /Users/yassuki/works/web/address_book/morelab/vendor/codeigniter4/framework/system/CodeIgniter.php(386): CodeIgniter\Filters\Filters->run('/', 'before')
#3 /Users/yassuki/works/web/address_book/morelab/vendor/codeigniter4/framework/system/CodeIgniter.php(320): CodeIgniter\CodeIgniter->handleRequest(NULL, Object(Config\Cache), false)
#4 /Users/yassuki/works/web/address_book/morelab/public/index.php(37): CodeIgniter\CodeIgniter->run()
#5 /Users/yassuki/works/web/address_book/morelab/vendor/codeigniter4/framework/system/Commands/Server/rewrite.php(43): require_once('/Users/yassuki/...')
#6 {main}
CRITICAL - 2023-07-04 11:24:55 --> Attempt to read property "maintenance_mode_status" on null
#0 /Users/yassuki/works/web/address_book/morelab/app/Filters/Maintenance.php(18): CodeIgniter\Debug\Exceptions->errorHandler(2, 'Attempt to read...', '/Users/yassuki/...', 18)
#1 /Users/yassuki/works/web/address_book/morelab/vendor/codeigniter4/framework/system/Filters/Filters.php(173): App\Filters\Maintenance->before(Object(CodeIgniter\HTTP\IncomingRequest), NULL)
#2 /Users/yassuki/works/web/address_book/morelab/vendor/codeigniter4/framework/system/CodeIgniter.php(386): CodeIgniter\Filters\Filters->run('/', 'before')
#3 /Users/yassuki/works/web/address_book/morelab/vendor/codeigniter4/framework/system/CodeIgniter.php(320): CodeIgniter\CodeIgniter->handleRequest(NULL, Object(Config\Cache), false)
#4 /Users/yassuki/works/web/address_book/morelab/public/index.php(37): CodeIgniter\CodeIgniter->run()
#5 /Users/yassuki/works/web/address_book/morelab/vendor/codeigniter4/framework/system/Commands/Server/rewrite.php(43): require_once('/Users/yassuki/...')
#6 {main}
CRITICAL - 2023-07-04 11:24:56 --> Attempt to read property "maintenance_mode_status" on null
#0 /Users/yassuki/works/web/address_book/morelab/app/Filters/Maintenance.php(18): CodeIgniter\Debug\Exceptions->errorHandler(2, 'Attempt to read...', '/Users/yassuki/...', 18)
#1 /Users/yassuki/works/web/address_book/morelab/vendor/codeigniter4/framework/system/Filters/Filters.php(173): App\Filters\Maintenance->before(Object(CodeIgniter\HTTP\IncomingRequest), NULL)
#2 /Users/yassuki/works/web/address_book/morelab/vendor/codeigniter4/framework/system/CodeIgniter.php(386): CodeIgniter\Filters\Filters->run('/', 'before')
#3 /Users/yassuki/works/web/address_book/morelab/vendor/codeigniter4/framework/system/CodeIgniter.php(320): CodeIgniter\CodeIgniter->handleRequest(NULL, Object(Config\Cache), false)
#4 /Users/yassuki/works/web/address_book/morelab/public/index.php(37): CodeIgniter\CodeIgniter->run()
#5 /Users/yassuki/works/web/address_book/morelab/vendor/codeigniter4/framework/system/Commands/Server/rewrite.php(43): require_once('/Users/yassuki/...')
#6 {main}
CRITICAL - 2023-07-04 11:24:56 --> Attempt to read property "maintenance_mode_status" on null
#0 /Users/yassuki/works/web/address_book/morelab/app/Filters/Maintenance.php(18): CodeIgniter\Debug\Exceptions->errorHandler(2, 'Attempt to read...', '/Users/yassuki/...', 18)
#1 /Users/yassuki/works/web/address_book/morelab/vendor/codeigniter4/framework/system/Filters/Filters.php(173): App\Filters\Maintenance->before(Object(CodeIgniter\HTTP\IncomingRequest), NULL)
#2 /Users/yassuki/works/web/address_book/morelab/vendor/codeigniter4/framework/system/CodeIgniter.php(386): CodeIgniter\Filters\Filters->run('/', 'before')
#3 /Users/yassuki/works/web/address_book/morelab/vendor/codeigniter4/framework/system/CodeIgniter.php(320): CodeIgniter\CodeIgniter->handleRequest(NULL, Object(Config\Cache), false)
#4 /Users/yassuki/works/web/address_book/morelab/public/index.php(37): CodeIgniter\CodeIgniter->run()
#5 /Users/yassuki/works/web/address_book/morelab/vendor/codeigniter4/framework/system/Commands/Server/rewrite.php(43): require_once('/Users/yassuki/...')
#6 {main}
CRITICAL - 2023-07-04 11:24:56 --> Attempt to read property "maintenance_mode_status" on null
#0 /Users/yassuki/works/web/address_book/morelab/app/Filters/Maintenance.php(18): CodeIgniter\Debug\Exceptions->errorHandler(2, 'Attempt to read...', '/Users/yassuki/...', 18)
#1 /Users/yassuki/works/web/address_book/morelab/vendor/codeigniter4/framework/system/Filters/Filters.php(173): App\Filters\Maintenance->before(Object(CodeIgniter\HTTP\IncomingRequest), NULL)
#2 /Users/yassuki/works/web/address_book/morelab/vendor/codeigniter4/framework/system/CodeIgniter.php(386): CodeIgniter\Filters\Filters->run('/', 'before')
#3 /Users/yassuki/works/web/address_book/morelab/vendor/codeigniter4/framework/system/CodeIgniter.php(320): CodeIgniter\CodeIgniter->handleRequest(NULL, Object(Config\Cache), false)
#4 /Users/yassuki/works/web/address_book/morelab/public/index.php(37): CodeIgniter\CodeIgniter->run()
#5 /Users/yassuki/works/web/address_book/morelab/vendor/codeigniter4/framework/system/Commands/Server/rewrite.php(43): require_once('/Users/yassuki/...')
#6 {main}
CRITICAL - 2023-07-04 11:25:58 --> Attempt to read property "maintenance_mode_status" on null
#0 /Users/yassuki/works/web/address_book/morelab/app/Filters/Maintenance.php(16): CodeIgniter\Debug\Exceptions->errorHandler(2, 'Attempt to read...', '/Users/yassuki/...', 16)
#1 /Users/yassuki/works/web/address_book/morelab/vendor/codeigniter4/framework/system/Filters/Filters.php(173): App\Filters\Maintenance->before(Object(CodeIgniter\HTTP\IncomingRequest), NULL)
#2 /Users/yassuki/works/web/address_book/morelab/vendor/codeigniter4/framework/system/CodeIgniter.php(386): CodeIgniter\Filters\Filters->run('/', 'before')
#3 /Users/yassuki/works/web/address_book/morelab/vendor/codeigniter4/framework/system/CodeIgniter.php(320): CodeIgniter\CodeIgniter->handleRequest(NULL, Object(Config\Cache), false)
#4 /Users/yassuki/works/web/address_book/morelab/public/index.php(37): CodeIgniter\CodeIgniter->run()
#5 /Users/yassuki/works/web/address_book/morelab/vendor/codeigniter4/framework/system/Commands/Server/rewrite.php(43): require_once('/Users/yassuki/...')
#6 {main}
ERROR - 2023-07-04 11:27:06 --> Got a packet bigger than 'max_allowed_packet' bytes
CRITICAL - 2023-07-04 11:27:16 --> Encrypter needs a starter key.
#0 /Users/yassuki/works/web/address_book/morelab/vendor/codeigniter4/framework/system/Encryption/Encryption.php(124): CodeIgniter\Encryption\Exceptions\EncryptionException::forNeedsStarterKey()
#1 /Users/yassuki/works/web/address_book/morelab/vendor/codeigniter4/framework/system/Config/Services.php(215): CodeIgniter\Encryption\Encryption->initialize(Object(Config\Encryption))
#2 /Users/yassuki/works/web/address_book/morelab/vendor/codeigniter4/framework/system/Config/BaseService.php(248): CodeIgniter\Config\Services::encrypter()
#3 /Users/yassuki/works/web/address_book/morelab/app/Controllers/BaseController.php(56): CodeIgniter\Config\BaseService::__callStatic('encrypter', Array)
#4 /Users/yassuki/works/web/address_book/morelab/vendor/codeigniter4/framework/system/CodeIgniter.php(803): App\Controllers\BaseController->initController(Object(CodeIgniter\HTTP\IncomingRequest), Object(CodeIgniter\HTTP\Response), Object(CodeIgniter\Log\Logger))
#5 /Users/yassuki/works/web/address_book/morelab/vendor/codeigniter4/framework/system/CodeIgniter.php(403): CodeIgniter\CodeIgniter->createController()
#6 /Users/yassuki/works/web/address_book/morelab/vendor/codeigniter4/framework/system/CodeIgniter.php(320): CodeIgniter\CodeIgniter->handleRequest(NULL, Object(Config\Cache), false)
#7 /Users/yassuki/works/web/address_book/morelab/public/index.php(37): CodeIgniter\CodeIgniter->run()
#8 /Users/yassuki/works/web/address_book/morelab/vendor/codeigniter4/framework/system/Commands/Server/rewrite.php(43): require_once('/Users/yassuki/...')
#9 {main}
CRITICAL - 2023-07-04 11:27:17 --> Encrypter needs a starter key.
#0 /Users/yassuki/works/web/address_book/morelab/vendor/codeigniter4/framework/system/Encryption/Encryption.php(124): CodeIgniter\Encryption\Exceptions\EncryptionException::forNeedsStarterKey()
#1 /Users/yassuki/works/web/address_book/morelab/vendor/codeigniter4/framework/system/Config/Services.php(215): CodeIgniter\Encryption\Encryption->initialize(Object(Config\Encryption))
#2 /Users/yassuki/works/web/address_book/morelab/vendor/codeigniter4/framework/system/Config/BaseService.php(248): CodeIgniter\Config\Services::encrypter()
#3 /Users/yassuki/works/web/address_book/morelab/app/Controllers/BaseController.php(56): CodeIgniter\Config\BaseService::__callStatic('encrypter', Array)
#4 /Users/yassuki/works/web/address_book/morelab/vendor/codeigniter4/framework/system/CodeIgniter.php(803): App\Controllers\BaseController->initController(Object(CodeIgniter\HTTP\IncomingRequest), Object(CodeIgniter\HTTP\Response), Object(CodeIgniter\Log\Logger))
#5 /Users/yassuki/works/web/address_book/morelab/vendor/codeigniter4/framework/system/CodeIgniter.php(403): CodeIgniter\CodeIgniter->createController()
#6 /Users/yassuki/works/web/address_book/morelab/vendor/codeigniter4/framework/system/CodeIgniter.php(320): CodeIgniter\CodeIgniter->handleRequest(NULL, Object(Config\Cache), false)
#7 /Users/yassuki/works/web/address_book/morelab/public/index.php(37): CodeIgniter\CodeIgniter->run()
#8 /Users/yassuki/works/web/address_book/morelab/vendor/codeigniter4/framework/system/Commands/Server/rewrite.php(43): require_once('/Users/yassuki/...')
#9 {main}
CRITICAL - 2023-07-04 11:27:17 --> Encrypter needs a starter key.
#0 /Users/yassuki/works/web/address_book/morelab/vendor/codeigniter4/framework/system/Encryption/Encryption.php(124): CodeIgniter\Encryption\Exceptions\EncryptionException::forNeedsStarterKey()
#1 /Users/yassuki/works/web/address_book/morelab/vendor/codeigniter4/framework/system/Config/Services.php(215): CodeIgniter\Encryption\Encryption->initialize(Object(Config\Encryption))
#2 /Users/yassuki/works/web/address_book/morelab/vendor/codeigniter4/framework/system/Config/BaseService.php(248): CodeIgniter\Config\Services::encrypter()
#3 /Users/yassuki/works/web/address_book/morelab/app/Controllers/BaseController.php(56): CodeIgniter\Config\BaseService::__callStatic('encrypter', Array)
#4 /Users/yassuki/works/web/address_book/morelab/vendor/codeigniter4/framework/system/CodeIgniter.php(803): App\Controllers\BaseController->initController(Object(CodeIgniter\HTTP\IncomingRequest), Object(CodeIgniter\HTTP\Response), Object(CodeIgniter\Log\Logger))
#5 /Users/yassuki/works/web/address_book/morelab/vendor/codeigniter4/framework/system/CodeIgniter.php(403): CodeIgniter\CodeIgniter->createController()
#6 /Users/yassuki/works/web/address_book/morelab/vendor/codeigniter4/framework/system/CodeIgniter.php(320): CodeIgniter\CodeIgniter->handleRequest(NULL, Object(Config\Cache), false)
#7 /Users/yassuki/works/web/address_book/morelab/public/index.php(37): CodeIgniter\CodeIgniter->run()
#8 /Users/yassuki/works/web/address_book/morelab/vendor/codeigniter4/framework/system/Commands/Server/rewrite.php(43): require_once('/Users/yassuki/...')
#9 {main}
CRITICAL - 2023-07-04 11:27:18 --> Encrypter needs a starter key.
#0 /Users/yassuki/works/web/address_book/morelab/vendor/codeigniter4/framework/system/Encryption/Encryption.php(124): CodeIgniter\Encryption\Exceptions\EncryptionException::forNeedsStarterKey()
#1 /Users/yassuki/works/web/address_book/morelab/vendor/codeigniter4/framework/system/Config/Services.php(215): CodeIgniter\Encryption\Encryption->initialize(Object(Config\Encryption))
#2 /Users/yassuki/works/web/address_book/morelab/vendor/codeigniter4/framework/system/Config/BaseService.php(248): CodeIgniter\Config\Services::encrypter()
#3 /Users/yassuki/works/web/address_book/morelab/app/Controllers/BaseController.php(56): CodeIgniter\Config\BaseService::__callStatic('encrypter', Array)
#4 /Users/yassuki/works/web/address_book/morelab/vendor/codeigniter4/framework/system/CodeIgniter.php(803): App\Controllers\BaseController->initController(Object(CodeIgniter\HTTP\IncomingRequest), Object(CodeIgniter\HTTP\Response), Object(CodeIgniter\Log\Logger))
#5 /Users/yassuki/works/web/address_book/morelab/vendor/codeigniter4/framework/system/CodeIgniter.php(403): CodeIgniter\CodeIgniter->createController()
#6 /Users/yassuki/works/web/address_book/morelab/vendor/codeigniter4/framework/system/CodeIgniter.php(320): CodeIgniter\CodeIgniter->handleRequest(NULL, Object(Config\Cache), false)
#7 /Users/yassuki/works/web/address_book/morelab/public/index.php(37): CodeIgniter\CodeIgniter->run()
#8 /Users/yassuki/works/web/address_book/morelab/vendor/codeigniter4/framework/system/Commands/Server/rewrite.php(43): require_once('/Users/yassuki/...')
#9 {main}
CRITICAL - 2023-07-04 11:27:18 --> Encrypter needs a starter key.
#0 /Users/yassuki/works/web/address_book/morelab/vendor/codeigniter4/framework/system/Encryption/Encryption.php(124): CodeIgniter\Encryption\Exceptions\EncryptionException::forNeedsStarterKey()
#1 /Users/yassuki/works/web/address_book/morelab/vendor/codeigniter4/framework/system/Config/Services.php(215): CodeIgniter\Encryption\Encryption->initialize(Object(Config\Encryption))
#2 /Users/yassuki/works/web/address_book/morelab/vendor/codeigniter4/framework/system/Config/BaseService.php(248): CodeIgniter\Config\Services::encrypter()
#3 /Users/yassuki/works/web/address_book/morelab/app/Controllers/BaseController.php(56): CodeIgniter\Config\BaseService::__callStatic('encrypter', Array)
#4 /Users/yassuki/works/web/address_book/morelab/vendor/codeigniter4/framework/system/CodeIgniter.php(803): App\Controllers\BaseController->initController(Object(CodeIgniter\HTTP\IncomingRequest), Object(CodeIgniter\HTTP\Response), Object(CodeIgniter\Log\Logger))
#5 /Users/yassuki/works/web/address_book/morelab/vendor/codeigniter4/framework/system/CodeIgniter.php(403): CodeIgniter\CodeIgniter->createController()
#6 /Users/yassuki/works/web/address_book/morelab/vendor/codeigniter4/framework/system/CodeIgniter.php(320): CodeIgniter\CodeIgniter->handleRequest(NULL, Object(Config\Cache), false)
#7 /Users/yassuki/works/web/address_book/morelab/public/index.php(37): CodeIgniter\CodeIgniter->run()
#8 /Users/yassuki/works/web/address_book/morelab/vendor/codeigniter4/framework/system/Commands/Server/rewrite.php(43): require_once('/Users/yassuki/...')
#9 {main}
CRITICAL - 2023-07-04 11:27:33 --> Encrypter needs a starter key.
#0 /Users/yassuki/works/web/address_book/morelab/vendor/codeigniter4/framework/system/Encryption/Encryption.php(124): CodeIgniter\Encryption\Exceptions\EncryptionException::forNeedsStarterKey()
#1 /Users/yassuki/works/web/address_book/morelab/vendor/codeigniter4/framework/system/Config/Services.php(215): CodeIgniter\Encryption\Encryption->initialize(Object(Config\Encryption))
#2 /Users/yassuki/works/web/address_book/morelab/vendor/codeigniter4/framework/system/Config/BaseService.php(248): CodeIgniter\Config\Services::encrypter()
#3 /Users/yassuki/works/web/address_book/morelab/app/Controllers/BaseController.php(56): CodeIgniter\Config\BaseService::__callStatic('encrypter', Array)
#4 /Users/yassuki/works/web/address_book/morelab/vendor/codeigniter4/framework/system/CodeIgniter.php(803): App\Controllers\BaseController->initController(Object(CodeIgniter\HTTP\IncomingRequest), Object(CodeIgniter\HTTP\Response), Object(CodeIgniter\Log\Logger))
#5 /Users/yassuki/works/web/address_book/morelab/vendor/codeigniter4/framework/system/CodeIgniter.php(403): CodeIgniter\CodeIgniter->createController()
#6 /Users/yassuki/works/web/address_book/morelab/vendor/codeigniter4/framework/system/CodeIgniter.php(320): CodeIgniter\CodeIgniter->handleRequest(NULL, Object(Config\Cache), false)
#7 /Users/yassuki/works/web/address_book/morelab/public/index.php(37): CodeIgniter\CodeIgniter->run()
#8 /Users/yassuki/works/web/address_book/morelab/vendor/codeigniter4/framework/system/Commands/Server/rewrite.php(43): require_once('/Users/yassuki/...')
#9 {main}
CRITICAL - 2023-07-04 11:27:34 --> Encrypter needs a starter key.
#0 /Users/yassuki/works/web/address_book/morelab/vendor/codeigniter4/framework/system/Encryption/Encryption.php(124): CodeIgniter\Encryption\Exceptions\EncryptionException::forNeedsStarterKey()
#1 /Users/yassuki/works/web/address_book/morelab/vendor/codeigniter4/framework/system/Config/Services.php(215): CodeIgniter\Encryption\Encryption->initialize(Object(Config\Encryption))
#2 /Users/yassuki/works/web/address_book/morelab/vendor/codeigniter4/framework/system/Config/BaseService.php(248): CodeIgniter\Config\Services::encrypter()
#3 /Users/yassuki/works/web/address_book/morelab/app/Controllers/BaseController.php(56): CodeIgniter\Config\BaseService::__callStatic('encrypter', Array)
#4 /Users/yassuki/works/web/address_book/morelab/vendor/codeigniter4/framework/system/CodeIgniter.php(803): App\Controllers\BaseController->initController(Object(CodeIgniter\HTTP\IncomingRequest), Object(CodeIgniter\HTTP\Response), Object(CodeIgniter\Log\Logger))
#5 /Users/yassuki/works/web/address_book/morelab/vendor/codeigniter4/framework/system/CodeIgniter.php(403): CodeIgniter\CodeIgniter->createController()
#6 /Users/yassuki/works/web/address_book/morelab/vendor/codeigniter4/framework/system/CodeIgniter.php(320): CodeIgniter\CodeIgniter->handleRequest(NULL, Object(Config\Cache), false)
#7 /Users/yassuki/works/web/address_book/morelab/public/index.php(37): CodeIgniter\CodeIgniter->run()
#8 /Users/yassuki/works/web/address_book/morelab/vendor/codeigniter4/framework/system/Commands/Server/rewrite.php(43): require_once('/Users/yassuki/...')
#9 {main}
CRITICAL - 2023-07-04 11:27:34 --> Encrypter needs a starter key.
#0 /Users/yassuki/works/web/address_book/morelab/vendor/codeigniter4/framework/system/Encryption/Encryption.php(124): CodeIgniter\Encryption\Exceptions\EncryptionException::forNeedsStarterKey()
#1 /Users/yassuki/works/web/address_book/morelab/vendor/codeigniter4/framework/system/Config/Services.php(215): CodeIgniter\Encryption\Encryption->initialize(Object(Config\Encryption))
#2 /Users/yassuki/works/web/address_book/morelab/vendor/codeigniter4/framework/system/Config/BaseService.php(248): CodeIgniter\Config\Services::encrypter()
#3 /Users/yassuki/works/web/address_book/morelab/app/Controllers/BaseController.php(56): CodeIgniter\Config\BaseService::__callStatic('encrypter', Array)
#4 /Users/yassuki/works/web/address_book/morelab/vendor/codeigniter4/framework/system/CodeIgniter.php(803): App\Controllers\BaseController->initController(Object(CodeIgniter\HTTP\IncomingRequest), Object(CodeIgniter\HTTP\Response), Object(CodeIgniter\Log\Logger))
#5 /Users/yassuki/works/web/address_book/morelab/vendor/codeigniter4/framework/system/CodeIgniter.php(403): CodeIgniter\CodeIgniter->createController()
#6 /Users/yassuki/works/web/address_book/morelab/vendor/codeigniter4/framework/system/CodeIgniter.php(320): CodeIgniter\CodeIgniter->handleRequest(NULL, Object(Config\Cache), false)
#7 /Users/yassuki/works/web/address_book/morelab/public/index.php(37): CodeIgniter\CodeIgniter->run()
#8 /Users/yassuki/works/web/address_book/morelab/vendor/codeigniter4/framework/system/Commands/Server/rewrite.php(43): require_once('/Users/yassuki/...')
#9 {main}
CRITICAL - 2023-07-04 11:27:34 --> Encrypter needs a starter key.
#0 /Users/yassuki/works/web/address_book/morelab/vendor/codeigniter4/framework/system/Encryption/Encryption.php(124): CodeIgniter\Encryption\Exceptions\EncryptionException::forNeedsStarterKey()
#1 /Users/yassuki/works/web/address_book/morelab/vendor/codeigniter4/framework/system/Config/Services.php(215): CodeIgniter\Encryption\Encryption->initialize(Object(Config\Encryption))
#2 /Users/yassuki/works/web/address_book/morelab/vendor/codeigniter4/framework/system/Config/BaseService.php(248): CodeIgniter\Config\Services::encrypter()
#3 /Users/yassuki/works/web/address_book/morelab/app/Controllers/BaseController.php(56): CodeIgniter\Config\BaseService::__callStatic('encrypter', Array)
#4 /Users/yassuki/works/web/address_book/morelab/vendor/codeigniter4/framework/system/CodeIgniter.php(803): App\Controllers\BaseController->initController(Object(CodeIgniter\HTTP\IncomingRequest), Object(CodeIgniter\HTTP\Response), Object(CodeIgniter\Log\Logger))
#5 /Users/yassuki/works/web/address_book/morelab/vendor/codeigniter4/framework/system/CodeIgniter.php(403): CodeIgniter\CodeIgniter->createController()
#6 /Users/yassuki/works/web/address_book/morelab/vendor/codeigniter4/framework/system/CodeIgniter.php(320): CodeIgniter\CodeIgniter->handleRequest(NULL, Object(Config\Cache), false)
#7 /Users/yassuki/works/web/address_book/morelab/public/index.php(37): CodeIgniter\CodeIgniter->run()
#8 /Users/yassuki/works/web/address_book/morelab/vendor/codeigniter4/framework/system/Commands/Server/rewrite.php(43): require_once('/Users/yassuki/...')
#9 {main}
CRITICAL - 2023-07-04 11:27:34 --> Encrypter needs a starter key.
#0 /Users/yassuki/works/web/address_book/morelab/vendor/codeigniter4/framework/system/Encryption/Encryption.php(124): CodeIgniter\Encryption\Exceptions\EncryptionException::forNeedsStarterKey()
#1 /Users/yassuki/works/web/address_book/morelab/vendor/codeigniter4/framework/system/Config/Services.php(215): CodeIgniter\Encryption\Encryption->initialize(Object(Config\Encryption))
#2 /Users/yassuki/works/web/address_book/morelab/vendor/codeigniter4/framework/system/Config/BaseService.php(248): CodeIgniter\Config\Services::encrypter()
#3 /Users/yassuki/works/web/address_book/morelab/app/Controllers/BaseController.php(56): CodeIgniter\Config\BaseService::__callStatic('encrypter', Array)
#4 /Users/yassuki/works/web/address_book/morelab/vendor/codeigniter4/framework/system/CodeIgniter.php(803): App\Controllers\BaseController->initController(Object(CodeIgniter\HTTP\IncomingRequest), Object(CodeIgniter\HTTP\Response), Object(CodeIgniter\Log\Logger))
#5 /Users/yassuki/works/web/address_book/morelab/vendor/codeigniter4/framework/system/CodeIgniter.php(403): CodeIgniter\CodeIgniter->createController()
#6 /Users/yassuki/works/web/address_book/morelab/vendor/codeigniter4/framework/system/CodeIgniter.php(320): CodeIgniter\CodeIgniter->handleRequest(NULL, Object(Config\Cache), false)
#7 /Users/yassuki/works/web/address_book/morelab/public/index.php(37): CodeIgniter\CodeIgniter->run()
#8 /Users/yassuki/works/web/address_book/morelab/vendor/codeigniter4/framework/system/Commands/Server/rewrite.php(43): require_once('/Users/yassuki/...')
#9 {main}
CRITICAL - 2023-07-04 11:28:23 --> file "/Users/yassuki/works/web/address_book/morelab/public//../ceklissatu-34a6f1eb7d85.json" does not exist
#0 /Users/yassuki/works/web/address_book/morelab/app/Libraries/GoogleAnalytics.php(34): Google\Client->setAuthConfig('/Users/yassuki/...')
#1 /Users/yassuki/works/web/address_book/morelab/app/Libraries/GoogleAnalytics.php(21): App\Libraries\GoogleAnalytics->initializeAnalytics()
#2 /Users/yassuki/works/web/address_book/morelab/app/Controllers/Admin/Dashboard.php(12): App\Libraries\GoogleAnalytics->__construct()
#3 /Users/yassuki/works/web/address_book/morelab/vendor/codeigniter4/framework/system/CodeIgniter.php(802): App\Controllers\Admin\Dashboard->__construct()
#4 /Users/yassuki/works/web/address_book/morelab/vendor/codeigniter4/framework/system/CodeIgniter.php(403): CodeIgniter\CodeIgniter->createController()
#5 /Users/yassuki/works/web/address_book/morelab/vendor/codeigniter4/framework/system/CodeIgniter.php(320): CodeIgniter\CodeIgniter->handleRequest(NULL, Object(Config\Cache), false)
#6 /Users/yassuki/works/web/address_book/morelab/public/index.php(37): CodeIgniter\CodeIgniter->run()
#7 /Users/yassuki/works/web/address_book/morelab/vendor/codeigniter4/framework/system/Commands/Server/rewrite.php(43): require_once('/Users/yassuki/...')
#8 {main}
CRITICAL - 2023-07-04 11:29:26 --> {
  "error": {
    "code": 401,
    "message": "Request is missing required authentication credential. Expected OAuth 2 access token, login cookie or other valid authentication credential. See https://developers.google.com/identity/sign-in/web/devconsole-project.",
    "errors": [
      {
        "message": "Login Required.",
        "domain": "global",
        "reason": "required",
        "location": "Authorization",
        "locationType": "header"
      }
    ],
    "status": "UNAUTHENTICATED",
    "details": [
      {
        "@type": "type.googleapis.com/google.rpc.ErrorInfo",
        "reason": "CREDENTIALS_MISSING",
        "domain": "googleapis.com",
        "metadata": {
          "service": "analytics.googleapis.com",
          "method": "analytics.gaapi.v3.AnalyticsManagementAccounts.List"
        }
      }
    ]
  }
}

#0 /Users/yassuki/works/web/address_book/morelab/vendor/google/apiclient/src/Http/REST.php(103): Google\Http\REST::decodeHttpResponse(Object(GuzzleHttp\Psr7\Response), Object(GuzzleHttp\Psr7\Request), 'Google\\Service\\...')
#1 [internal function]: Google\Http\REST::doExecute(Object(GuzzleHttp\Client), Object(GuzzleHttp\Psr7\Request), 'Google\\Service\\...')
#2 /Users/yassuki/works/web/address_book/morelab/vendor/google/apiclient/src/Task/Runner.php(182): call_user_func_array(Array, Array)
#3 /Users/yassuki/works/web/address_book/morelab/vendor/google/apiclient/src/Http/REST.php(66): Google\Task\Runner->run()
#4 /Users/yassuki/works/web/address_book/morelab/vendor/google/apiclient/src/Client.php(918): Google\Http\REST::execute(Object(GuzzleHttp\Client), Object(GuzzleHttp\Psr7\Request), 'Google\\Service\\...', Array, NULL)
#5 /Users/yassuki/works/web/address_book/morelab/vendor/google/apiclient/src/Service/Resource.php(238): Google\Client->execute(Object(GuzzleHttp\Psr7\Request), 'Google\\Service\\...')
#6 /Users/yassuki/works/web/address_book/morelab/vendor/google/apiclient-services/src/Analytics/Resource/ManagementAccounts.php(49): Google\Service\Resource->call('list', Array, 'Google\\Service\\...')
#7 /Users/yassuki/works/web/address_book/morelab/app/Libraries/GoogleAnalytics.php(44): Google\Service\Analytics\Resource\ManagementAccounts->listManagementAccounts()
#8 /Users/yassuki/works/web/address_book/morelab/app/Libraries/GoogleAnalytics.php(23): App\Libraries\GoogleAnalytics->getFirstProfileId(Object(Google\Service\Analytics))
#9 /Users/yassuki/works/web/address_book/morelab/app/Controllers/Admin/Dashboard.php(12): App\Libraries\GoogleAnalytics->__construct()
#10 /Users/yassuki/works/web/address_book/morelab/vendor/codeigniter4/framework/system/CodeIgniter.php(802): App\Controllers\Admin\Dashboard->__construct()
#11 /Users/yassuki/works/web/address_book/morelab/vendor/codeigniter4/framework/system/CodeIgniter.php(403): CodeIgniter\CodeIgniter->createController()
#12 /Users/yassuki/works/web/address_book/morelab/vendor/codeigniter4/framework/system/CodeIgniter.php(320): CodeIgniter\CodeIgniter->handleRequest(NULL, Object(Config\Cache), false)
#13 /Users/yassuki/works/web/address_book/morelab/public/index.php(37): CodeIgniter\CodeIgniter->run()
#14 /Users/yassuki/works/web/address_book/morelab/vendor/codeigniter4/framework/system/Commands/Server/rewrite.php(43): require_once('/Users/yassuki/...')
#15 {main}
CRITICAL - 2023-07-04 11:29:39 --> Attempt to read property "management_accounts" on null
#0 /Users/yassuki/works/web/address_book/morelab/app/Libraries/GoogleAnalytics.php(44): CodeIgniter\Debug\Exceptions->errorHandler(2, 'Attempt to read...', '/Users/yassuki/...', 44)
#1 /Users/yassuki/works/web/address_book/morelab/app/Libraries/GoogleAnalytics.php(23): App\Libraries\GoogleAnalytics->getFirstProfileId(NULL)
#2 /Users/yassuki/works/web/address_book/morelab/app/Controllers/Admin/Dashboard.php(12): App\Libraries\GoogleAnalytics->__construct()
#3 /Users/yassuki/works/web/address_book/morelab/vendor/codeigniter4/framework/system/CodeIgniter.php(802): App\Controllers\Admin\Dashboard->__construct()
#4 /Users/yassuki/works/web/address_book/morelab/vendor/codeigniter4/framework/system/CodeIgniter.php(403): CodeIgniter\CodeIgniter->createController()
#5 /Users/yassuki/works/web/address_book/morelab/vendor/codeigniter4/framework/system/CodeIgniter.php(320): CodeIgniter\CodeIgniter->handleRequest(NULL, Object(Config\Cache), false)
#6 /Users/yassuki/works/web/address_book/morelab/public/index.php(37): CodeIgniter\CodeIgniter->run()
#7 /Users/yassuki/works/web/address_book/morelab/vendor/codeigniter4/framework/system/Commands/Server/rewrite.php(43): require_once('/Users/yassuki/...')
#8 {main}
CRITICAL - 2023-07-04 11:32:22 --> Class "App\Controllers\Admin\GoogleAnalytics" not found
#0 /Users/yassuki/works/web/address_book/morelab/vendor/codeigniter4/framework/system/CodeIgniter.php(802): App\Controllers\Admin\Dashboard->__construct()
#1 /Users/yassuki/works/web/address_book/morelab/vendor/codeigniter4/framework/system/CodeIgniter.php(403): CodeIgniter\CodeIgniter->createController()
#2 /Users/yassuki/works/web/address_book/morelab/vendor/codeigniter4/framework/system/CodeIgniter.php(320): CodeIgniter\CodeIgniter->handleRequest(NULL, Object(Config\Cache), false)
#3 /Users/yassuki/works/web/address_book/morelab/public/index.php(37): CodeIgniter\CodeIgniter->run()
#4 /Users/yassuki/works/web/address_book/morelab/vendor/codeigniter4/framework/system/Commands/Server/rewrite.php(43): require_once('/Users/yassuki/...')
#5 {main}
CRITICAL - 2023-07-04 12:27:08 --> Invalid file: address-book/address-book.php
#0 /Users/yassuki/works/web/address_book/morelab/vendor/codeigniter4/framework/system/View/View.php(198): CodeIgniter\Exceptions\FrameworkException::forInvalidFile('address-book/ad...')
#1 /Users/yassuki/works/web/address_book/morelab/vendor/codeigniter4/framework/system/Common.php(1089): CodeIgniter\View\View->render('address-book/ad...', Array, true)
#2 /Users/yassuki/works/web/address_book/morelab/app/Controllers/Admin/address_book.php(13): view('address-book/ad...')
#3 /Users/yassuki/works/web/address_book/morelab/vendor/codeigniter4/framework/system/CodeIgniter.php(825): App\Controllers\Admin\address_book->list()
#4 /Users/yassuki/works/web/address_book/morelab/vendor/codeigniter4/framework/system/CodeIgniter.php(412): CodeIgniter\CodeIgniter->runController(Object(App\Controllers\Admin\address_book))
#5 /Users/yassuki/works/web/address_book/morelab/vendor/codeigniter4/framework/system/CodeIgniter.php(320): CodeIgniter\CodeIgniter->handleRequest(NULL, Object(Config\Cache), false)
#6 /Users/yassuki/works/web/address_book/morelab/public/index.php(37): CodeIgniter\CodeIgniter->run()
#7 /Users/yassuki/works/web/address_book/morelab/vendor/codeigniter4/framework/system/Commands/Server/rewrite.php(43): require_once('/Users/yassuki/...')
#8 {main}
CRITICAL - 2023-07-04 12:27:15 --> Undefined variable $title
#0 /Users/yassuki/works/web/address_book/morelab/app/Views/admin/address-book/address-book.php(15): CodeIgniter\Debug\Exceptions->errorHandler(2, 'Undefined varia...', '/Users/yassuki/...', 15)
#1 /Users/yassuki/works/web/address_book/morelab/vendor/codeigniter4/framework/system/View/View.php(210): include('/Users/yassuki/...')
#2 /Users/yassuki/works/web/address_book/morelab/vendor/codeigniter4/framework/system/View/View.php(213): CodeIgniter\View\View->CodeIgniter\View\{closure}()
#3 /Users/yassuki/works/web/address_book/morelab/vendor/codeigniter4/framework/system/Common.php(1089): CodeIgniter\View\View->render('admin/address-b...', Array, true)
#4 /Users/yassuki/works/web/address_book/morelab/app/Controllers/Admin/address_book.php(13): view('admin/address-b...')
#5 /Users/yassuki/works/web/address_book/morelab/vendor/codeigniter4/framework/system/CodeIgniter.php(825): App\Controllers\Admin\address_book->list()
#6 /Users/yassuki/works/web/address_book/morelab/vendor/codeigniter4/framework/system/CodeIgniter.php(412): CodeIgniter\CodeIgniter->runController(Object(App\Controllers\Admin\address_book))
#7 /Users/yassuki/works/web/address_book/morelab/vendor/codeigniter4/framework/system/CodeIgniter.php(320): CodeIgniter\CodeIgniter->handleRequest(NULL, Object(Config\Cache), false)
#8 /Users/yassuki/works/web/address_book/morelab/public/index.php(37): CodeIgniter\CodeIgniter->run()
#9 /Users/yassuki/works/web/address_book/morelab/vendor/codeigniter4/framework/system/Commands/Server/rewrite.php(43): require_once('/Users/yassuki/...')
#10 {main}
CRITICAL - 2023-07-04 12:28:02 --> syntax error, unexpected token "=", expecting "]"
#0 /Users/yassuki/works/web/address_book/morelab/vendor/codeigniter4/framework/system/Autoloader/Autoloader.php(241): CodeIgniter\Autoloader\Autoloader->includeFile('/Users/yassuki/...')
#1 /Users/yassuki/works/web/address_book/morelab/vendor/codeigniter4/framework/system/Autoloader/Autoloader.php(219): CodeIgniter\Autoloader\Autoloader->loadInNamespace('App\\Controllers...')
#2 [internal function]: CodeIgniter\Autoloader\Autoloader->loadClass('App\\Controllers...')
#3 /Users/yassuki/works/web/address_book/morelab/vendor/codeigniter4/framework/system/CodeIgniter.php(790): class_exists('\\App\\Controller...', true)
#4 /Users/yassuki/works/web/address_book/morelab/vendor/codeigniter4/framework/system/CodeIgniter.php(399): CodeIgniter\CodeIgniter->startController()
#5 /Users/yassuki/works/web/address_book/morelab/vendor/codeigniter4/framework/system/CodeIgniter.php(320): CodeIgniter\CodeIgniter->handleRequest(NULL, Object(Config\Cache), false)
#6 /Users/yassuki/works/web/address_book/morelab/public/index.php(37): CodeIgniter\CodeIgniter->run()
#7 /Users/yassuki/works/web/address_book/morelab/vendor/codeigniter4/framework/system/Commands/Server/rewrite.php(43): require_once('/Users/yassuki/...')
#8 {main}
CRITICAL - 2023-07-04 12:28:23 --> Undefined variable $segment
#0 /Users/yassuki/works/web/address_book/morelab/app/Controllers/Admin/address_book.php(15): CodeIgniter\Debug\Exceptions->errorHandler(2, 'Undefined varia...', '/Users/yassuki/...', 15)
#1 /Users/yassuki/works/web/address_book/morelab/vendor/codeigniter4/framework/system/CodeIgniter.php(825): App\Controllers\Admin\address_book->list()
#2 /Users/yassuki/works/web/address_book/morelab/vendor/codeigniter4/framework/system/CodeIgniter.php(412): CodeIgniter\CodeIgniter->runController(Object(App\Controllers\Admin\address_book))
#3 /Users/yassuki/works/web/address_book/morelab/vendor/codeigniter4/framework/system/CodeIgniter.php(320): CodeIgniter\CodeIgniter->handleRequest(NULL, Object(Config\Cache), false)
#4 /Users/yassuki/works/web/address_book/morelab/public/index.php(37): CodeIgniter\CodeIgniter->run()
#5 /Users/yassuki/works/web/address_book/morelab/vendor/codeigniter4/framework/system/Commands/Server/rewrite.php(43): require_once('/Users/yassuki/...')
#6 {main}
CRITICAL - 2023-07-04 12:28:35 --> Undefined variable $MenuCategory
#0 /Users/yassuki/works/web/address_book/morelab/app/Views/admin/includes/_sidebar.php(29): CodeIgniter\Debug\Exceptions->errorHandler(2, 'Undefined varia...', '/Users/yassuki/...', 29)
#1 /Users/yassuki/works/web/address_book/morelab/vendor/codeigniter4/framework/system/View/View.php(210): include('/Users/yassuki/...')
#2 /Users/yassuki/works/web/address_book/morelab/vendor/codeigniter4/framework/system/View/View.php(213): CodeIgniter\View\View->CodeIgniter\View\{closure}()
#3 /Users/yassuki/works/web/address_book/morelab/vendor/codeigniter4/framework/system/View/View.php(424): CodeIgniter\View\View->render('admin/includes/...', NULL, true)
#4 /Users/yassuki/works/web/address_book/morelab/app/Views/admin/includes/_layout_view.php(65): CodeIgniter\View\View->include('admin/includes/...')
#5 /Users/yassuki/works/web/address_book/morelab/vendor/codeigniter4/framework/system/View/View.php(210): include('/Users/yassuki/...')
#6 /Users/yassuki/works/web/address_book/morelab/vendor/codeigniter4/framework/system/View/View.php(213): CodeIgniter\View\View->CodeIgniter\View\{closure}()
#7 /Users/yassuki/works/web/address_book/morelab/vendor/codeigniter4/framework/system/View/View.php(226): CodeIgniter\View\View->render('admin/includes/...', Array, true)
#8 /Users/yassuki/works/web/address_book/morelab/vendor/codeigniter4/framework/system/Common.php(1089): CodeIgniter\View\View->render('admin/address-b...', Array, true)
#9 /Users/yassuki/works/web/address_book/morelab/app/Controllers/Admin/address_book.php(19): view('admin/address-b...', Array)
#10 /Users/yassuki/works/web/address_book/morelab/vendor/codeigniter4/framework/system/CodeIgniter.php(825): App\Controllers\Admin\address_book->list()
#11 /Users/yassuki/works/web/address_book/morelab/vendor/codeigniter4/framework/system/CodeIgniter.php(412): CodeIgniter\CodeIgniter->runController(Object(App\Controllers\Admin\address_book))
#12 /Users/yassuki/works/web/address_book/morelab/vendor/codeigniter4/framework/system/CodeIgniter.php(320): CodeIgniter\CodeIgniter->handleRequest(NULL, Object(Config\Cache), false)
#13 /Users/yassuki/works/web/address_book/morelab/public/index.php(37): CodeIgniter\CodeIgniter->run()
#14 /Users/yassuki/works/web/address_book/morelab/vendor/codeigniter4/framework/system/Commands/Server/rewrite.php(43): require_once('/Users/yassuki/...')
#15 {main}
CRITICAL - 2023-07-04 12:28:51 --> foreach() argument must be of type array|object, string given
#0 /Users/yassuki/works/web/address_book/morelab/app/Views/admin/includes/_sidebar.php(29): CodeIgniter\Debug\Exceptions->errorHandler(2, 'foreach() argum...', '/Users/yassuki/...', 29)
#1 /Users/yassuki/works/web/address_book/morelab/vendor/codeigniter4/framework/system/View/View.php(210): include('/Users/yassuki/...')
#2 /Users/yassuki/works/web/address_book/morelab/vendor/codeigniter4/framework/system/View/View.php(213): CodeIgniter\View\View->CodeIgniter\View\{closure}()
#3 /Users/yassuki/works/web/address_book/morelab/vendor/codeigniter4/framework/system/View/View.php(424): CodeIgniter\View\View->render('admin/includes/...', NULL, true)
#4 /Users/yassuki/works/web/address_book/morelab/app/Views/admin/includes/_layout_view.php(65): CodeIgniter\View\View->include('admin/includes/...')
#5 /Users/yassuki/works/web/address_book/morelab/vendor/codeigniter4/framework/system/View/View.php(210): include('/Users/yassuki/...')
#6 /Users/yassuki/works/web/address_book/morelab/vendor/codeigniter4/framework/system/View/View.php(213): CodeIgniter\View\View->CodeIgniter\View\{closure}()
#7 /Users/yassuki/works/web/address_book/morelab/vendor/codeigniter4/framework/system/View/View.php(226): CodeIgniter\View\View->render('admin/includes/...', Array, true)
#8 /Users/yassuki/works/web/address_book/morelab/vendor/codeigniter4/framework/system/Common.php(1089): CodeIgniter\View\View->render('admin/address-b...', Array, true)
#9 /Users/yassuki/works/web/address_book/morelab/app/Controllers/Admin/address_book.php(19): view('admin/address-b...', Array)
#10 /Users/yassuki/works/web/address_book/morelab/vendor/codeigniter4/framework/system/CodeIgniter.php(825): App\Controllers\Admin\address_book->list()
#11 /Users/yassuki/works/web/address_book/morelab/vendor/codeigniter4/framework/system/CodeIgniter.php(412): CodeIgniter\CodeIgniter->runController(Object(App\Controllers\Admin\address_book))
#12 /Users/yassuki/works/web/address_book/morelab/vendor/codeigniter4/framework/system/CodeIgniter.php(320): CodeIgniter\CodeIgniter->handleRequest(NULL, Object(Config\Cache), false)
#13 /Users/yassuki/works/web/address_book/morelab/public/index.php(37): CodeIgniter\CodeIgniter->run()
#14 /Users/yassuki/works/web/address_book/morelab/vendor/codeigniter4/framework/system/Commands/Server/rewrite.php(43): require_once('/Users/yassuki/...')
#15 {main}
CRITICAL - 2023-07-04 12:29:40 --> foreach() argument must be of type array|object, string given
#0 /Users/yassuki/works/web/address_book/morelab/app/Views/admin/includes/_sidebar.php(29): CodeIgniter\Debug\Exceptions->errorHandler(2, 'foreach() argum...', '/Users/yassuki/...', 29)
#1 /Users/yassuki/works/web/address_book/morelab/vendor/codeigniter4/framework/system/View/View.php(210): include('/Users/yassuki/...')
#2 /Users/yassuki/works/web/address_book/morelab/vendor/codeigniter4/framework/system/View/View.php(213): CodeIgniter\View\View->CodeIgniter\View\{closure}()
#3 /Users/yassuki/works/web/address_book/morelab/vendor/codeigniter4/framework/system/View/View.php(424): CodeIgniter\View\View->render('admin/includes/...', NULL, true)
#4 /Users/yassuki/works/web/address_book/morelab/app/Views/admin/includes/_layout_view.php(65): CodeIgniter\View\View->include('admin/includes/...')
#5 /Users/yassuki/works/web/address_book/morelab/vendor/codeigniter4/framework/system/View/View.php(210): include('/Users/yassuki/...')
#6 /Users/yassuki/works/web/address_book/morelab/vendor/codeigniter4/framework/system/View/View.php(213): CodeIgniter\View\View->CodeIgniter\View\{closure}()
#7 /Users/yassuki/works/web/address_book/morelab/vendor/codeigniter4/framework/system/View/View.php(226): CodeIgniter\View\View->render('admin/includes/...', Array, true)
#8 /Users/yassuki/works/web/address_book/morelab/vendor/codeigniter4/framework/system/Common.php(1089): CodeIgniter\View\View->render('admin/address-b...', Array, true)
#9 /Users/yassuki/works/web/address_book/morelab/app/Controllers/Admin/address_book.php(22): view('admin/address-b...', Array)
#10 /Users/yassuki/works/web/address_book/morelab/vendor/codeigniter4/framework/system/CodeIgniter.php(825): App\Controllers\Admin\address_book->list()
#11 /Users/yassuki/works/web/address_book/morelab/vendor/codeigniter4/framework/system/CodeIgniter.php(412): CodeIgniter\CodeIgniter->runController(Object(App\Controllers\Admin\address_book))
#12 /Users/yassuki/works/web/address_book/morelab/vendor/codeigniter4/framework/system/CodeIgniter.php(320): CodeIgniter\CodeIgniter->handleRequest(NULL, Object(Config\Cache), false)
#13 /Users/yassuki/works/web/address_book/morelab/public/index.php(37): CodeIgniter\CodeIgniter->run()
#14 /Users/yassuki/works/web/address_book/morelab/vendor/codeigniter4/framework/system/Commands/Server/rewrite.php(43): require_once('/Users/yassuki/...')
#15 {main}
CRITICAL - 2023-07-04 12:29:54 --> Undefined variable $segment
#0 /Users/yassuki/works/web/address_book/morelab/app/Views/admin/includes/_sidebar.php(37): CodeIgniter\Debug\Exceptions->errorHandler(2, 'Undefined varia...', '/Users/yassuki/...', 37)
#1 /Users/yassuki/works/web/address_book/morelab/vendor/codeigniter4/framework/system/View/View.php(210): include('/Users/yassuki/...')
#2 /Users/yassuki/works/web/address_book/morelab/vendor/codeigniter4/framework/system/View/View.php(213): CodeIgniter\View\View->CodeIgniter\View\{closure}()
#3 /Users/yassuki/works/web/address_book/morelab/vendor/codeigniter4/framework/system/View/View.php(424): CodeIgniter\View\View->render('admin/includes/...', NULL, true)
#4 /Users/yassuki/works/web/address_book/morelab/app/Views/admin/includes/_layout_view.php(65): CodeIgniter\View\View->include('admin/includes/...')
#5 /Users/yassuki/works/web/address_book/morelab/vendor/codeigniter4/framework/system/View/View.php(210): include('/Users/yassuki/...')
#6 /Users/yassuki/works/web/address_book/morelab/vendor/codeigniter4/framework/system/View/View.php(213): CodeIgniter\View\View->CodeIgniter\View\{closure}()
#7 /Users/yassuki/works/web/address_book/morelab/vendor/codeigniter4/framework/system/View/View.php(226): CodeIgniter\View\View->render('admin/includes/...', Array, true)
#8 /Users/yassuki/works/web/address_book/morelab/vendor/codeigniter4/framework/system/Common.php(1089): CodeIgniter\View\View->render('admin/address-b...', Array, true)
#9 /Users/yassuki/works/web/address_book/morelab/app/Controllers/Admin/address_book.php(23): view('admin/address-b...', Array)
#10 /Users/yassuki/works/web/address_book/morelab/vendor/codeigniter4/framework/system/CodeIgniter.php(825): App\Controllers\Admin\address_book->list()
#11 /Users/yassuki/works/web/address_book/morelab/vendor/codeigniter4/framework/system/CodeIgniter.php(412): CodeIgniter\CodeIgniter->runController(Object(App\Controllers\Admin\address_book))
#12 /Users/yassuki/works/web/address_book/morelab/vendor/codeigniter4/framework/system/CodeIgniter.php(320): CodeIgniter\CodeIgniter->handleRequest(NULL, Object(Config\Cache), false)
#13 /Users/yassuki/works/web/address_book/morelab/public/index.php(37): CodeIgniter\CodeIgniter->run()
#14 /Users/yassuki/works/web/address_book/morelab/vendor/codeigniter4/framework/system/Commands/Server/rewrite.php(43): require_once('/Users/yassuki/...')
#15 {main}
CRITICAL - 2023-07-04 13:49:22 --> Declaration of App\Models\AddressBookModel::save($client_code, $phone_number, $contact_name) must be compatible with CodeIgniter\BaseModel::save($data): bool
#0 [internal function]: CodeIgniter\Debug\Exceptions->shutdownHandler()
#1 {main}
CRITICAL - 2023-07-04 13:50:29 --> Undefined variable $client_code
#0 /Users/yassuki/works/web/address_book/morelab/app/Controllers/Admin/address_book.php(30): CodeIgniter\Debug\Exceptions->errorHandler(2, 'Undefined varia...', '/Users/yassuki/...', 30)
#1 /Users/yassuki/works/web/address_book/morelab/vendor/codeigniter4/framework/system/CodeIgniter.php(825): App\Controllers\Admin\address_book->list()
#2 /Users/yassuki/works/web/address_book/morelab/vendor/codeigniter4/framework/system/CodeIgniter.php(412): CodeIgniter\CodeIgniter->runController(Object(App\Controllers\Admin\address_book))
#3 /Users/yassuki/works/web/address_book/morelab/vendor/codeigniter4/framework/system/CodeIgniter.php(320): CodeIgniter\CodeIgniter->handleRequest(NULL, Object(Config\Cache), false)
#4 /Users/yassuki/works/web/address_book/morelab/public/index.php(37): CodeIgniter\CodeIgniter->run()
#5 /Users/yassuki/works/web/address_book/morelab/vendor/codeigniter4/framework/system/Commands/Server/rewrite.php(43): require_once('/Users/yassuki/...')
#6 {main}
CRITICAL - 2023-07-04 13:50:58 --> Undefined property: CodeIgniter\Database\MySQLi\Builder::$get
#0 /Users/yassuki/works/web/address_book/morelab/app/Models/AddressBookModel.php(17): CodeIgniter\Debug\Exceptions->errorHandler(2, 'Undefined prope...', '/Users/yassuki/...', 17)
#1 /Users/yassuki/works/web/address_book/morelab/app/Controllers/Admin/address_book.php(30): App\Models\AddressBookModel->list('GLOB')
#2 /Users/yassuki/works/web/address_book/morelab/vendor/codeigniter4/framework/system/CodeIgniter.php(825): App\Controllers\Admin\address_book->list()
#3 /Users/yassuki/works/web/address_book/morelab/vendor/codeigniter4/framework/system/CodeIgniter.php(412): CodeIgniter\CodeIgniter->runController(Object(App\Controllers\Admin\address_book))
#4 /Users/yassuki/works/web/address_book/morelab/vendor/codeigniter4/framework/system/CodeIgniter.php(320): CodeIgniter\CodeIgniter->handleRequest(NULL, Object(Config\Cache), false)
#5 /Users/yassuki/works/web/address_book/morelab/public/index.php(37): CodeIgniter\CodeIgniter->run()
#6 /Users/yassuki/works/web/address_book/morelab/vendor/codeigniter4/framework/system/Commands/Server/rewrite.php(43): require_once('/Users/yassuki/...')
#7 {main}
CRITICAL - 2023-07-04 14:11:46 --> Undefined array key "active"
#0 /Users/yassuki/works/web/address_book/morelab/app/Views/admin/address-book/address-book.php(90): CodeIgniter\Debug\Exceptions->errorHandler(2, 'Undefined array...', '/Users/yassuki/...', 90)
#1 /Users/yassuki/works/web/address_book/morelab/vendor/codeigniter4/framework/system/View/View.php(210): include('/Users/yassuki/...')
#2 /Users/yassuki/works/web/address_book/morelab/vendor/codeigniter4/framework/system/View/View.php(213): CodeIgniter\View\View->CodeIgniter\View\{closure}()
#3 /Users/yassuki/works/web/address_book/morelab/vendor/codeigniter4/framework/system/Common.php(1089): CodeIgniter\View\View->render('admin/address-b...', Array, true)
#4 /Users/yassuki/works/web/address_book/morelab/app/Controllers/Admin/address_book.php(32): view('admin/address-b...', Array)
#5 /Users/yassuki/works/web/address_book/morelab/vendor/codeigniter4/framework/system/CodeIgniter.php(825): App\Controllers\Admin\address_book->list()
#6 /Users/yassuki/works/web/address_book/morelab/vendor/codeigniter4/framework/system/CodeIgniter.php(412): CodeIgniter\CodeIgniter->runController(Object(App\Controllers\Admin\address_book))
#7 /Users/yassuki/works/web/address_book/morelab/vendor/codeigniter4/framework/system/CodeIgniter.php(320): CodeIgniter\CodeIgniter->handleRequest(NULL, Object(Config\Cache), false)
#8 /Users/yassuki/works/web/address_book/morelab/public/index.php(37): CodeIgniter\CodeIgniter->run()
#9 /Users/yassuki/works/web/address_book/morelab/vendor/codeigniter4/framework/system/Commands/Server/rewrite.php(43): require_once('/Users/yassuki/...')
#10 {main}
CRITICAL - 2023-07-04 15:07:27 --> The action you requested is not allowed.
#0 /Users/yassuki/works/web/address_book/morelab/vendor/codeigniter4/framework/system/Security/Security.php(289): CodeIgniter\Security\Exceptions\SecurityException::forDisallowedAction()
#1 /Users/yassuki/works/web/address_book/morelab/vendor/codeigniter4/framework/system/Filters/CSRF.php(53): CodeIgniter\Security\Security->verify(Object(CodeIgniter\HTTP\IncomingRequest))
#2 /Users/yassuki/works/web/address_book/morelab/vendor/codeigniter4/framework/system/Filters/Filters.php(173): CodeIgniter\Filters\CSRF->before(Object(CodeIgniter\HTTP\IncomingRequest), NULL)
#3 /Users/yassuki/works/web/address_book/morelab/vendor/codeigniter4/framework/system/CodeIgniter.php(386): CodeIgniter\Filters\Filters->run('admin/address_b...', 'before')
#4 /Users/yassuki/works/web/address_book/morelab/vendor/codeigniter4/framework/system/CodeIgniter.php(320): CodeIgniter\CodeIgniter->handleRequest(NULL, Object(Config\Cache), false)
#5 /Users/yassuki/works/web/address_book/morelab/public/index.php(37): CodeIgniter\CodeIgniter->run()
#6 /Users/yassuki/works/web/address_book/morelab/vendor/codeigniter4/framework/system/Commands/Server/rewrite.php(43): require_once('/Users/yassuki/...')
#7 {main}
CRITICAL - 2023-07-04 15:09:32 --> The action you requested is not allowed.
#0 /Users/yassuki/works/web/address_book/morelab/vendor/codeigniter4/framework/system/Security/Security.php(289): CodeIgniter\Security\Exceptions\SecurityException::forDisallowedAction()
#1 /Users/yassuki/works/web/address_book/morelab/vendor/codeigniter4/framework/system/Filters/CSRF.php(53): CodeIgniter\Security\Security->verify(Object(CodeIgniter\HTTP\IncomingRequest))
#2 /Users/yassuki/works/web/address_book/morelab/vendor/codeigniter4/framework/system/Filters/Filters.php(173): CodeIgniter\Filters\CSRF->before(Object(CodeIgniter\HTTP\IncomingRequest), NULL)
#3 /Users/yassuki/works/web/address_book/morelab/vendor/codeigniter4/framework/system/CodeIgniter.php(386): CodeIgniter\Filters\Filters->run('admin/address_b...', 'before')
#4 /Users/yassuki/works/web/address_book/morelab/vendor/codeigniter4/framework/system/CodeIgniter.php(320): CodeIgniter\CodeIgniter->handleRequest(NULL, Object(Config\Cache), false)
#5 /Users/yassuki/works/web/address_book/morelab/public/index.php(37): CodeIgniter\CodeIgniter->run()
#6 /Users/yassuki/works/web/address_book/morelab/vendor/codeigniter4/framework/system/Commands/Server/rewrite.php(43): require_once('/Users/yassuki/...')
#7 {main}
CRITICAL - 2023-07-04 15:10:07 --> The action you requested is not allowed.
#0 /Users/yassuki/works/web/address_book/morelab/vendor/codeigniter4/framework/system/Security/Security.php(289): CodeIgniter\Security\Exceptions\SecurityException::forDisallowedAction()
#1 /Users/yassuki/works/web/address_book/morelab/vendor/codeigniter4/framework/system/Filters/CSRF.php(53): CodeIgniter\Security\Security->verify(Object(CodeIgniter\HTTP\IncomingRequest))
#2 /Users/yassuki/works/web/address_book/morelab/vendor/codeigniter4/framework/system/Filters/Filters.php(173): CodeIgniter\Filters\CSRF->before(Object(CodeIgniter\HTTP\IncomingRequest), NULL)
#3 /Users/yassuki/works/web/address_book/morelab/vendor/codeigniter4/framework/system/CodeIgniter.php(386): CodeIgniter\Filters\Filters->run('admin/address_b...', 'before')
#4 /Users/yassuki/works/web/address_book/morelab/vendor/codeigniter4/framework/system/CodeIgniter.php(320): CodeIgniter\CodeIgniter->handleRequest(NULL, Object(Config\Cache), false)
#5 /Users/yassuki/works/web/address_book/morelab/public/index.php(37): CodeIgniter\CodeIgniter->run()
#6 /Users/yassuki/works/web/address_book/morelab/vendor/codeigniter4/framework/system/Commands/Server/rewrite.php(43): require_once('/Users/yassuki/...')
#7 {main}
CRITICAL - 2023-07-04 15:10:32 --> The action you requested is not allowed.
#0 /Users/yassuki/works/web/address_book/morelab/vendor/codeigniter4/framework/system/Security/Security.php(289): CodeIgniter\Security\Exceptions\SecurityException::forDisallowedAction()
#1 /Users/yassuki/works/web/address_book/morelab/vendor/codeigniter4/framework/system/Filters/CSRF.php(53): CodeIgniter\Security\Security->verify(Object(CodeIgniter\HTTP\IncomingRequest))
#2 /Users/yassuki/works/web/address_book/morelab/vendor/codeigniter4/framework/system/Filters/Filters.php(173): CodeIgniter\Filters\CSRF->before(Object(CodeIgniter\HTTP\IncomingRequest), NULL)
#3 /Users/yassuki/works/web/address_book/morelab/vendor/codeigniter4/framework/system/CodeIgniter.php(386): CodeIgniter\Filters\Filters->run('admin/address_b...', 'before')
#4 /Users/yassuki/works/web/address_book/morelab/vendor/codeigniter4/framework/system/CodeIgniter.php(320): CodeIgniter\CodeIgniter->handleRequest(NULL, Object(Config\Cache), false)
#5 /Users/yassuki/works/web/address_book/morelab/public/index.php(37): CodeIgniter\CodeIgniter->run()
#6 /Users/yassuki/works/web/address_book/morelab/vendor/codeigniter4/framework/system/Commands/Server/rewrite.php(43): require_once('/Users/yassuki/...')
#7 {main}
CRITICAL - 2023-07-04 15:30:42 --> You must set the database table to be used with your query.
#0 /Users/yassuki/works/web/address_book/morelab/vendor/codeigniter4/framework/system/Model.php(545): CodeIgniter\Database\BaseConnection->table(NULL)
#1 /Users/yassuki/works/web/address_book/morelab/vendor/codeigniter4/framework/system/Model.php(722): CodeIgniter\Model->builder()
#2 /Users/yassuki/works/web/address_book/morelab/app/Controllers/Admin/device_management.php(26): CodeIgniter\Model->__call('list', Array)
#3 /Users/yassuki/works/web/address_book/morelab/vendor/codeigniter4/framework/system/CodeIgniter.php(825): App\Controllers\Admin\device_management->list()
#4 /Users/yassuki/works/web/address_book/morelab/vendor/codeigniter4/framework/system/CodeIgniter.php(412): CodeIgniter\CodeIgniter->runController(Object(App\Controllers\Admin\device_management))
#5 /Users/yassuki/works/web/address_book/morelab/vendor/codeigniter4/framework/system/CodeIgniter.php(320): CodeIgniter\CodeIgniter->handleRequest(NULL, Object(Config\Cache), false)
#6 /Users/yassuki/works/web/address_book/morelab/public/index.php(37): CodeIgniter\CodeIgniter->run()
#7 /Users/yassuki/works/web/address_book/morelab/vendor/codeigniter4/framework/system/Commands/Server/rewrite.php(43): require_once('/Users/yassuki/...')
#8 {main}
CRITICAL - 2023-07-04 15:39:56 --> You must set the database table to be used with your query.
#0 /Users/yassuki/works/web/address_book/morelab/vendor/codeigniter4/framework/system/Model.php(545): CodeIgniter\Database\BaseConnection->table(NULL)
#1 /Users/yassuki/works/web/address_book/morelab/vendor/codeigniter4/framework/system/Model.php(722): CodeIgniter\Model->builder()
#2 /Users/yassuki/works/web/address_book/morelab/app/Controllers/Admin/device_management.php(26): CodeIgniter\Model->__call('list', Array)
#3 /Users/yassuki/works/web/address_book/morelab/vendor/codeigniter4/framework/system/CodeIgniter.php(825): App\Controllers\Admin\device_management->list()
#4 /Users/yassuki/works/web/address_book/morelab/vendor/codeigniter4/framework/system/CodeIgniter.php(412): CodeIgniter\CodeIgniter->runController(Object(App\Controllers\Admin\device_management))
#5 /Users/yassuki/works/web/address_book/morelab/vendor/codeigniter4/framework/system/CodeIgniter.php(320): CodeIgniter\CodeIgniter->handleRequest(NULL, Object(Config\Cache), false)
#6 /Users/yassuki/works/web/address_book/morelab/public/index.php(37): CodeIgniter\CodeIgniter->run()
#7 /Users/yassuki/works/web/address_book/morelab/vendor/codeigniter4/framework/system/Commands/Server/rewrite.php(43): require_once('/Users/yassuki/...')
#8 {main}
CRITICAL - 2023-07-04 15:40:55 --> Invalid file: admin/device-management/device-list.php
#0 /Users/yassuki/works/web/address_book/morelab/vendor/codeigniter4/framework/system/View/View.php(198): CodeIgniter\Exceptions\FrameworkException::forInvalidFile('admin/device-ma...')
#1 /Users/yassuki/works/web/address_book/morelab/vendor/codeigniter4/framework/system/Common.php(1089): CodeIgniter\View\View->render('admin/device-ma...', Array, true)
#2 /Users/yassuki/works/web/address_book/morelab/app/Controllers/Admin/device_management.php(28): view('admin/device-ma...', Array)
#3 /Users/yassuki/works/web/address_book/morelab/vendor/codeigniter4/framework/system/CodeIgniter.php(825): App\Controllers\Admin\device_management->list()
#4 /Users/yassuki/works/web/address_book/morelab/vendor/codeigniter4/framework/system/CodeIgniter.php(412): CodeIgniter\CodeIgniter->runController(Object(App\Controllers\Admin\device_management))
#5 /Users/yassuki/works/web/address_book/morelab/vendor/codeigniter4/framework/system/CodeIgniter.php(320): CodeIgniter\CodeIgniter->handleRequest(NULL, Object(Config\Cache), false)
#6 /Users/yassuki/works/web/address_book/morelab/public/index.php(37): CodeIgniter\CodeIgniter->run()
#7 /Users/yassuki/works/web/address_book/morelab/vendor/codeigniter4/framework/system/Commands/Server/rewrite.php(43): require_once('/Users/yassuki/...')
#8 {main}
