CRITICAL - 2023-10-27 00:37:09 --> Undefined array key "id"
#0 /Users/yassuki/works/web/address_book/morelab/app/Views/admin/address-book/customers.php(89): CodeIgniter\Debug\Exceptions->errorHandler(2, 'Undefined array...', '/Users/yassuki/...', 89)
#1 /Users/yassuki/works/web/address_book/morelab/vendor/codeigniter4/framework/system/View/View.php(210): include('/Users/yassuki/...')
#2 /Users/yassuki/works/web/address_book/morelab/vendor/codeigniter4/framework/system/View/View.php(213): CodeIgniter\View\View->CodeIgniter\View\{closure}()
#3 /Users/yassuki/works/web/address_book/morelab/vendor/codeigniter4/framework/system/Common.php(1089): CodeIgniter\View\View->render('admin/address-b...', Array, true)
#4 /Users/yassuki/works/web/address_book/morelab/app/Controllers/Admin/Customer.php(42): view('admin/address-b...', Array)
#5 /Users/yassuki/works/web/address_book/morelab/vendor/codeigniter4/framework/system/CodeIgniter.php(825): App\Controllers\Admin\Customer->index()
#6 /Users/yassuki/works/web/address_book/morelab/vendor/codeigniter4/framework/system/CodeIgniter.php(412): CodeIgniter\CodeIgniter->runController(Object(App\Controllers\Admin\Customer))
#7 /Users/yassuki/works/web/address_book/morelab/vendor/codeigniter4/framework/system/CodeIgniter.php(320): CodeIgniter\CodeIgniter->handleRequest(NULL, Object(Config\Cache), false)
#8 /Users/yassuki/works/web/address_book/morelab/public/index.php(37): CodeIgniter\CodeIgniter->run()
#9 /Users/yassuki/works/web/address_book/morelab/vendor/codeigniter4/framework/system/Commands/Server/rewrite.php(43): require_once('/Users/yassuki/...')
#10 {main}
CRITICAL - 2023-10-27 00:37:51 --> Undefined array key "contact_name"
#0 /Users/yassuki/works/web/address_book/morelab/app/Views/admin/address-book/customers.php(91): CodeIgniter\Debug\Exceptions->errorHandler(2, 'Undefined array...', '/Users/yassuki/...', 91)
#1 /Users/yassuki/works/web/address_book/morelab/vendor/codeigniter4/framework/system/View/View.php(210): include('/Users/yassuki/...')
#2 /Users/yassuki/works/web/address_book/morelab/vendor/codeigniter4/framework/system/View/View.php(213): CodeIgniter\View\View->CodeIgniter\View\{closure}()
#3 /Users/yassuki/works/web/address_book/morelab/vendor/codeigniter4/framework/system/Common.php(1089): CodeIgniter\View\View->render('admin/address-b...', Array, true)
#4 /Users/yassuki/works/web/address_book/morelab/app/Controllers/Admin/Customer.php(42): view('admin/address-b...', Array)
#5 /Users/yassuki/works/web/address_book/morelab/vendor/codeigniter4/framework/system/CodeIgniter.php(825): App\Controllers\Admin\Customer->index()
#6 /Users/yassuki/works/web/address_book/morelab/vendor/codeigniter4/framework/system/CodeIgniter.php(412): CodeIgniter\CodeIgniter->runController(Object(App\Controllers\Admin\Customer))
#7 /Users/yassuki/works/web/address_book/morelab/vendor/codeigniter4/framework/system/CodeIgniter.php(320): CodeIgniter\CodeIgniter->handleRequest(NULL, Object(Config\Cache), false)
#8 /Users/yassuki/works/web/address_book/morelab/public/index.php(37): CodeIgniter\CodeIgniter->run()
#9 /Users/yassuki/works/web/address_book/morelab/vendor/codeigniter4/framework/system/Commands/Server/rewrite.php(43): require_once('/Users/yassuki/...')
#10 {main}
CRITICAL - 2023-10-27 00:47:05 --> Undefined variable $phone_number
#0 /Users/yassuki/works/web/address_book/morelab/app/Controllers/Admin/Customer.php(54): CodeIgniter\Debug\Exceptions->errorHandler(2, 'Undefined varia...', '/Users/yassuki/...', 54)
#1 /Users/yassuki/works/web/address_book/morelab/vendor/codeigniter4/framework/system/CodeIgniter.php(825): App\Controllers\Admin\Customer->save()
#2 /Users/yassuki/works/web/address_book/morelab/vendor/codeigniter4/framework/system/CodeIgniter.php(412): CodeIgniter\CodeIgniter->runController(Object(App\Controllers\Admin\Customer))
#3 /Users/yassuki/works/web/address_book/morelab/vendor/codeigniter4/framework/system/CodeIgniter.php(320): CodeIgniter\CodeIgniter->handleRequest(NULL, Object(Config\Cache), false)
#4 /Users/yassuki/works/web/address_book/morelab/public/index.php(37): CodeIgniter\CodeIgniter->run()
#5 /Users/yassuki/works/web/address_book/morelab/vendor/codeigniter4/framework/system/Commands/Server/rewrite.php(43): require_once('/Users/yassuki/...')
#6 {main}
CRITICAL - 2023-10-27 00:47:07 --> Undefined variable $phone_number
#0 /Users/yassuki/works/web/address_book/morelab/app/Controllers/Admin/Customer.php(54): CodeIgniter\Debug\Exceptions->errorHandler(2, 'Undefined varia...', '/Users/yassuki/...', 54)
#1 /Users/yassuki/works/web/address_book/morelab/vendor/codeigniter4/framework/system/CodeIgniter.php(825): App\Controllers\Admin\Customer->save()
#2 /Users/yassuki/works/web/address_book/morelab/vendor/codeigniter4/framework/system/CodeIgniter.php(412): CodeIgniter\CodeIgniter->runController(Object(App\Controllers\Admin\Customer))
#3 /Users/yassuki/works/web/address_book/morelab/vendor/codeigniter4/framework/system/CodeIgniter.php(320): CodeIgniter\CodeIgniter->handleRequest(NULL, Object(Config\Cache), false)
#4 /Users/yassuki/works/web/address_book/morelab/public/index.php(37): CodeIgniter\CodeIgniter->run()
#5 /Users/yassuki/works/web/address_book/morelab/vendor/codeigniter4/framework/system/Commands/Server/rewrite.php(43): require_once('/Users/yassuki/...')
#6 {main}
CRITICAL - 2023-10-27 00:50:05 --> Undefined variable $client_id
#0 /Users/yassuki/works/web/address_book/morelab/app/Controllers/Admin/Customer.php(54): CodeIgniter\Debug\Exceptions->errorHandler(2, 'Undefined varia...', '/Users/yassuki/...', 54)
#1 /Users/yassuki/works/web/address_book/morelab/vendor/codeigniter4/framework/system/CodeIgniter.php(825): App\Controllers\Admin\Customer->save()
#2 /Users/yassuki/works/web/address_book/morelab/vendor/codeigniter4/framework/system/CodeIgniter.php(412): CodeIgniter\CodeIgniter->runController(Object(App\Controllers\Admin\Customer))
#3 /Users/yassuki/works/web/address_book/morelab/vendor/codeigniter4/framework/system/CodeIgniter.php(320): CodeIgniter\CodeIgniter->handleRequest(NULL, Object(Config\Cache), false)
#4 /Users/yassuki/works/web/address_book/morelab/public/index.php(37): CodeIgniter\CodeIgniter->run()
#5 /Users/yassuki/works/web/address_book/morelab/vendor/codeigniter4/framework/system/Commands/Server/rewrite.php(43): require_once('/Users/yassuki/...')
#6 {main}
CRITICAL - 2023-10-27 00:50:20 --> You must use the "set" method to update an entry.
#0 /Users/yassuki/works/web/address_book/morelab/vendor/codeigniter4/framework/system/Database/BaseBuilder.php(1758): CodeIgniter\Database\BaseBuilder->validateInsert()
#1 /Users/yassuki/works/web/address_book/morelab/app/Models/ClientModel.php(33): CodeIgniter\Database\BaseBuilder->insert()
#2 /Users/yassuki/works/web/address_book/morelab/app/Controllers/Admin/Customer.php(53): App\Models\ClientModel->NewClient('GLOB', '', '')
#3 /Users/yassuki/works/web/address_book/morelab/vendor/codeigniter4/framework/system/CodeIgniter.php(825): App\Controllers\Admin\Customer->save()
#4 /Users/yassuki/works/web/address_book/morelab/vendor/codeigniter4/framework/system/CodeIgniter.php(412): CodeIgniter\CodeIgniter->runController(Object(App\Controllers\Admin\Customer))
#5 /Users/yassuki/works/web/address_book/morelab/vendor/codeigniter4/framework/system/CodeIgniter.php(320): CodeIgniter\CodeIgniter->handleRequest(NULL, Object(Config\Cache), false)
#6 /Users/yassuki/works/web/address_book/morelab/public/index.php(37): CodeIgniter\CodeIgniter->run()
#7 /Users/yassuki/works/web/address_book/morelab/vendor/codeigniter4/framework/system/Commands/Server/rewrite.php(43): require_once('/Users/yassuki/...')
#8 {main}
CRITICAL - 2023-10-27 00:50:54 --> You must use the "set" method to update an entry.
#0 /Users/yassuki/works/web/address_book/morelab/vendor/codeigniter4/framework/system/Database/BaseBuilder.php(1758): CodeIgniter\Database\BaseBuilder->validateInsert()
#1 /Users/yassuki/works/web/address_book/morelab/app/Models/ClientModel.php(33): CodeIgniter\Database\BaseBuilder->insert()
#2 /Users/yassuki/works/web/address_book/morelab/app/Controllers/Admin/Customer.php(53): App\Models\ClientModel->NewClient('GLOB', '', '')
#3 /Users/yassuki/works/web/address_book/morelab/vendor/codeigniter4/framework/system/CodeIgniter.php(825): App\Controllers\Admin\Customer->save()
#4 /Users/yassuki/works/web/address_book/morelab/vendor/codeigniter4/framework/system/CodeIgniter.php(412): CodeIgniter\CodeIgniter->runController(Object(App\Controllers\Admin\Customer))
#5 /Users/yassuki/works/web/address_book/morelab/vendor/codeigniter4/framework/system/CodeIgniter.php(320): CodeIgniter\CodeIgniter->handleRequest(NULL, Object(Config\Cache), false)
#6 /Users/yassuki/works/web/address_book/morelab/public/index.php(37): CodeIgniter\CodeIgniter->run()
#7 /Users/yassuki/works/web/address_book/morelab/vendor/codeigniter4/framework/system/Commands/Server/rewrite.php(43): require_once('/Users/yassuki/...')
#8 {main}
ERROR - 2023-10-27 00:51:24 --> Duplicate entry 'GLOB' for key 'PRIMARY'
CRITICAL - 2023-10-27 00:51:24 --> Duplicate entry 'GLOB' for key 'PRIMARY'
#0 /Users/yassuki/works/web/address_book/morelab/vendor/codeigniter4/framework/system/Database/MySQLi/Connection.php(292): mysqli->query('INSERT INTO `cl...', 0)
#1 /Users/yassuki/works/web/address_book/morelab/vendor/codeigniter4/framework/system/Database/BaseConnection.php(670): CodeIgniter\Database\MySQLi\Connection->execute('INSERT INTO `cl...')
#2 /Users/yassuki/works/web/address_book/morelab/vendor/codeigniter4/framework/system/Database/BaseConnection.php(598): CodeIgniter\Database\BaseConnection->simpleQuery('INSERT INTO `cl...')
#3 /Users/yassuki/works/web/address_book/morelab/vendor/codeigniter4/framework/system/Database/BaseBuilder.php(1771): CodeIgniter\Database\BaseConnection->query('INSERT INTO `cl...', Array, false)
#4 /Users/yassuki/works/web/address_book/morelab/app/Models/ClientModel.php(33): CodeIgniter\Database\BaseBuilder->insert(Array)
#5 /Users/yassuki/works/web/address_book/morelab/app/Controllers/Admin/Customer.php(53): App\Models\ClientModel->NewClient('GLOB', '', '')
#6 /Users/yassuki/works/web/address_book/morelab/vendor/codeigniter4/framework/system/CodeIgniter.php(825): App\Controllers\Admin\Customer->save()
#7 /Users/yassuki/works/web/address_book/morelab/vendor/codeigniter4/framework/system/CodeIgniter.php(412): CodeIgniter\CodeIgniter->runController(Object(App\Controllers\Admin\Customer))
#8 /Users/yassuki/works/web/address_book/morelab/vendor/codeigniter4/framework/system/CodeIgniter.php(320): CodeIgniter\CodeIgniter->handleRequest(NULL, Object(Config\Cache), false)
#9 /Users/yassuki/works/web/address_book/morelab/public/index.php(37): CodeIgniter\CodeIgniter->run()
#10 /Users/yassuki/works/web/address_book/morelab/vendor/codeigniter4/framework/system/Commands/Server/rewrite.php(43): require_once('/Users/yassuki/...')
#11 {main}
CRITICAL - 2023-10-27 00:54:33 --> Undefined array key 0
#0 /Users/yassuki/works/web/address_book/morelab/app/Controllers/Admin/Customer.php(37): CodeIgniter\Debug\Exceptions->errorHandler(2, 'Undefined array...', '/Users/yassuki/...', 37)
#1 /Users/yassuki/works/web/address_book/morelab/vendor/codeigniter4/framework/system/CodeIgniter.php(825): App\Controllers\Admin\Customer->index()
#2 /Users/yassuki/works/web/address_book/morelab/vendor/codeigniter4/framework/system/CodeIgniter.php(412): CodeIgniter\CodeIgniter->runController(Object(App\Controllers\Admin\Customer))
#3 /Users/yassuki/works/web/address_book/morelab/vendor/codeigniter4/framework/system/CodeIgniter.php(320): CodeIgniter\CodeIgniter->handleRequest(NULL, Object(Config\Cache), false)
#4 /Users/yassuki/works/web/address_book/morelab/public/index.php(37): CodeIgniter\CodeIgniter->run()
#5 /Users/yassuki/works/web/address_book/morelab/vendor/codeigniter4/framework/system/Commands/Server/rewrite.php(43): require_once('/Users/yassuki/...')
#6 {main}
CRITICAL - 2023-10-27 00:55:52 --> Undefined array key 0
#0 /Users/yassuki/works/web/address_book/morelab/app/Controllers/Admin/Customer.php(37): CodeIgniter\Debug\Exceptions->errorHandler(2, 'Undefined array...', '/Users/yassuki/...', 37)
#1 /Users/yassuki/works/web/address_book/morelab/vendor/codeigniter4/framework/system/CodeIgniter.php(825): App\Controllers\Admin\Customer->index()
#2 /Users/yassuki/works/web/address_book/morelab/vendor/codeigniter4/framework/system/CodeIgniter.php(412): CodeIgniter\CodeIgniter->runController(Object(App\Controllers\Admin\Customer))
#3 /Users/yassuki/works/web/address_book/morelab/vendor/codeigniter4/framework/system/CodeIgniter.php(320): CodeIgniter\CodeIgniter->handleRequest(NULL, Object(Config\Cache), false)
#4 /Users/yassuki/works/web/address_book/morelab/public/index.php(37): CodeIgniter\CodeIgniter->run()
#5 /Users/yassuki/works/web/address_book/morelab/vendor/codeigniter4/framework/system/Commands/Server/rewrite.php(43): require_once('/Users/yassuki/...')
#6 {main}
CRITICAL - 2023-10-27 00:55:53 --> Undefined array key 0
#0 /Users/yassuki/works/web/address_book/morelab/app/Controllers/Admin/Customer.php(37): CodeIgniter\Debug\Exceptions->errorHandler(2, 'Undefined array...', '/Users/yassuki/...', 37)
#1 /Users/yassuki/works/web/address_book/morelab/vendor/codeigniter4/framework/system/CodeIgniter.php(825): App\Controllers\Admin\Customer->index()
#2 /Users/yassuki/works/web/address_book/morelab/vendor/codeigniter4/framework/system/CodeIgniter.php(412): CodeIgniter\CodeIgniter->runController(Object(App\Controllers\Admin\Customer))
#3 /Users/yassuki/works/web/address_book/morelab/vendor/codeigniter4/framework/system/CodeIgniter.php(320): CodeIgniter\CodeIgniter->handleRequest(NULL, Object(Config\Cache), false)
#4 /Users/yassuki/works/web/address_book/morelab/public/index.php(37): CodeIgniter\CodeIgniter->run()
#5 /Users/yassuki/works/web/address_book/morelab/vendor/codeigniter4/framework/system/Commands/Server/rewrite.php(43): require_once('/Users/yassuki/...')
#6 {main}
CRITICAL - 2023-10-27 00:55:54 --> Undefined array key 0
#0 /Users/yassuki/works/web/address_book/morelab/app/Controllers/Admin/Customer.php(37): CodeIgniter\Debug\Exceptions->errorHandler(2, 'Undefined array...', '/Users/yassuki/...', 37)
#1 /Users/yassuki/works/web/address_book/morelab/vendor/codeigniter4/framework/system/CodeIgniter.php(825): App\Controllers\Admin\Customer->index()
#2 /Users/yassuki/works/web/address_book/morelab/vendor/codeigniter4/framework/system/CodeIgniter.php(412): CodeIgniter\CodeIgniter->runController(Object(App\Controllers\Admin\Customer))
#3 /Users/yassuki/works/web/address_book/morelab/vendor/codeigniter4/framework/system/CodeIgniter.php(320): CodeIgniter\CodeIgniter->handleRequest(NULL, Object(Config\Cache), false)
#4 /Users/yassuki/works/web/address_book/morelab/public/index.php(37): CodeIgniter\CodeIgniter->run()
#5 /Users/yassuki/works/web/address_book/morelab/vendor/codeigniter4/framework/system/Commands/Server/rewrite.php(43): require_once('/Users/yassuki/...')
#6 {main}
CRITICAL - 2023-10-27 00:55:54 --> Undefined array key 0
#0 /Users/yassuki/works/web/address_book/morelab/app/Controllers/Admin/Customer.php(37): CodeIgniter\Debug\Exceptions->errorHandler(2, 'Undefined array...', '/Users/yassuki/...', 37)
#1 /Users/yassuki/works/web/address_book/morelab/vendor/codeigniter4/framework/system/CodeIgniter.php(825): App\Controllers\Admin\Customer->index()
#2 /Users/yassuki/works/web/address_book/morelab/vendor/codeigniter4/framework/system/CodeIgniter.php(412): CodeIgniter\CodeIgniter->runController(Object(App\Controllers\Admin\Customer))
#3 /Users/yassuki/works/web/address_book/morelab/vendor/codeigniter4/framework/system/CodeIgniter.php(320): CodeIgniter\CodeIgniter->handleRequest(NULL, Object(Config\Cache), false)
#4 /Users/yassuki/works/web/address_book/morelab/public/index.php(37): CodeIgniter\CodeIgniter->run()
#5 /Users/yassuki/works/web/address_book/morelab/vendor/codeigniter4/framework/system/Commands/Server/rewrite.php(43): require_once('/Users/yassuki/...')
#6 {main}
CRITICAL - 2023-10-27 00:55:54 --> Undefined array key 0
#0 /Users/yassuki/works/web/address_book/morelab/app/Controllers/Admin/Customer.php(37): CodeIgniter\Debug\Exceptions->errorHandler(2, 'Undefined array...', '/Users/yassuki/...', 37)
#1 /Users/yassuki/works/web/address_book/morelab/vendor/codeigniter4/framework/system/CodeIgniter.php(825): App\Controllers\Admin\Customer->index()
#2 /Users/yassuki/works/web/address_book/morelab/vendor/codeigniter4/framework/system/CodeIgniter.php(412): CodeIgniter\CodeIgniter->runController(Object(App\Controllers\Admin\Customer))
#3 /Users/yassuki/works/web/address_book/morelab/vendor/codeigniter4/framework/system/CodeIgniter.php(320): CodeIgniter\CodeIgniter->handleRequest(NULL, Object(Config\Cache), false)
#4 /Users/yassuki/works/web/address_book/morelab/public/index.php(37): CodeIgniter\CodeIgniter->run()
#5 /Users/yassuki/works/web/address_book/morelab/vendor/codeigniter4/framework/system/Commands/Server/rewrite.php(43): require_once('/Users/yassuki/...')
#6 {main}
CRITICAL - 2023-10-27 00:55:54 --> Undefined array key 0
#0 /Users/yassuki/works/web/address_book/morelab/app/Controllers/Admin/Customer.php(37): CodeIgniter\Debug\Exceptions->errorHandler(2, 'Undefined array...', '/Users/yassuki/...', 37)
#1 /Users/yassuki/works/web/address_book/morelab/vendor/codeigniter4/framework/system/CodeIgniter.php(825): App\Controllers\Admin\Customer->index()
#2 /Users/yassuki/works/web/address_book/morelab/vendor/codeigniter4/framework/system/CodeIgniter.php(412): CodeIgniter\CodeIgniter->runController(Object(App\Controllers\Admin\Customer))
#3 /Users/yassuki/works/web/address_book/morelab/vendor/codeigniter4/framework/system/CodeIgniter.php(320): CodeIgniter\CodeIgniter->handleRequest(NULL, Object(Config\Cache), false)
#4 /Users/yassuki/works/web/address_book/morelab/public/index.php(37): CodeIgniter\CodeIgniter->run()
#5 /Users/yassuki/works/web/address_book/morelab/vendor/codeigniter4/framework/system/Commands/Server/rewrite.php(43): require_once('/Users/yassuki/...')
#6 {main}
CRITICAL - 2023-10-27 00:55:54 --> Undefined array key 0
#0 /Users/yassuki/works/web/address_book/morelab/app/Controllers/Admin/Customer.php(37): CodeIgniter\Debug\Exceptions->errorHandler(2, 'Undefined array...', '/Users/yassuki/...', 37)
#1 /Users/yassuki/works/web/address_book/morelab/vendor/codeigniter4/framework/system/CodeIgniter.php(825): App\Controllers\Admin\Customer->index()
#2 /Users/yassuki/works/web/address_book/morelab/vendor/codeigniter4/framework/system/CodeIgniter.php(412): CodeIgniter\CodeIgniter->runController(Object(App\Controllers\Admin\Customer))
#3 /Users/yassuki/works/web/address_book/morelab/vendor/codeigniter4/framework/system/CodeIgniter.php(320): CodeIgniter\CodeIgniter->handleRequest(NULL, Object(Config\Cache), false)
#4 /Users/yassuki/works/web/address_book/morelab/public/index.php(37): CodeIgniter\CodeIgniter->run()
#5 /Users/yassuki/works/web/address_book/morelab/vendor/codeigniter4/framework/system/Commands/Server/rewrite.php(43): require_once('/Users/yassuki/...')
#6 {main}
CRITICAL - 2023-10-27 00:56:15 --> Undefined variable $display_name
#0 /Users/yassuki/works/web/address_book/morelab/app/Views/admin/address-book/customers.php(53): CodeIgniter\Debug\Exceptions->errorHandler(2, 'Undefined varia...', '/Users/yassuki/...', 53)
#1 /Users/yassuki/works/web/address_book/morelab/vendor/codeigniter4/framework/system/View/View.php(210): include('/Users/yassuki/...')
#2 /Users/yassuki/works/web/address_book/morelab/vendor/codeigniter4/framework/system/View/View.php(213): CodeIgniter\View\View->CodeIgniter\View\{closure}()
#3 /Users/yassuki/works/web/address_book/morelab/vendor/codeigniter4/framework/system/Common.php(1089): CodeIgniter\View\View->render('admin/address-b...', Array, true)
#4 /Users/yassuki/works/web/address_book/morelab/app/Controllers/Admin/Customer.php(41): view('admin/address-b...', Array)
#5 /Users/yassuki/works/web/address_book/morelab/vendor/codeigniter4/framework/system/CodeIgniter.php(825): App\Controllers\Admin\Customer->index()
#6 /Users/yassuki/works/web/address_book/morelab/vendor/codeigniter4/framework/system/CodeIgniter.php(412): CodeIgniter\CodeIgniter->runController(Object(App\Controllers\Admin\Customer))
#7 /Users/yassuki/works/web/address_book/morelab/vendor/codeigniter4/framework/system/CodeIgniter.php(320): CodeIgniter\CodeIgniter->handleRequest(NULL, Object(Config\Cache), false)
#8 /Users/yassuki/works/web/address_book/morelab/public/index.php(37): CodeIgniter\CodeIgniter->run()
#9 /Users/yassuki/works/web/address_book/morelab/vendor/codeigniter4/framework/system/Commands/Server/rewrite.php(43): require_once('/Users/yassuki/...')
#10 {main}
CRITICAL - 2023-10-27 00:58:41 --> Undefined array key 0
#0 /Users/yassuki/works/web/address_book/morelab/app/Controllers/Admin/address_book.php(35): CodeIgniter\Debug\Exceptions->errorHandler(2, 'Undefined array...', '/Users/yassuki/...', 35)
#1 /Users/yassuki/works/web/address_book/morelab/vendor/codeigniter4/framework/system/CodeIgniter.php(825): App\Controllers\Admin\address_book->list()
#2 /Users/yassuki/works/web/address_book/morelab/vendor/codeigniter4/framework/system/CodeIgniter.php(412): CodeIgniter\CodeIgniter->runController(Object(App\Controllers\Admin\address_book))
#3 /Users/yassuki/works/web/address_book/morelab/vendor/codeigniter4/framework/system/CodeIgniter.php(320): CodeIgniter\CodeIgniter->handleRequest(NULL, Object(Config\Cache), false)
#4 /Users/yassuki/works/web/address_book/morelab/public/index.php(37): CodeIgniter\CodeIgniter->run()
#5 /Users/yassuki/works/web/address_book/morelab/vendor/codeigniter4/framework/system/Commands/Server/rewrite.php(43): require_once('/Users/yassuki/...')
#6 {main}
CRITICAL - 2023-10-27 01:12:21 --> Call to undefined function baseURL()
#0 /Users/yassuki/works/web/address_book/morelab/vendor/codeigniter4/framework/system/View/View.php(210): include()
#1 /Users/yassuki/works/web/address_book/morelab/vendor/codeigniter4/framework/system/View/View.php(213): CodeIgniter\View\View->CodeIgniter\View\{closure}()
#2 /Users/yassuki/works/web/address_book/morelab/vendor/codeigniter4/framework/system/Common.php(1089): CodeIgniter\View\View->render('admin/address-b...', Array, true)
#3 /Users/yassuki/works/web/address_book/morelab/app/Controllers/Admin/address_book.php(39): view('admin/address-b...', Array)
#4 /Users/yassuki/works/web/address_book/morelab/vendor/codeigniter4/framework/system/CodeIgniter.php(825): App\Controllers\Admin\address_book->list()
#5 /Users/yassuki/works/web/address_book/morelab/vendor/codeigniter4/framework/system/CodeIgniter.php(412): CodeIgniter\CodeIgniter->runController(Object(App\Controllers\Admin\address_book))
#6 /Users/yassuki/works/web/address_book/morelab/vendor/codeigniter4/framework/system/CodeIgniter.php(320): CodeIgniter\CodeIgniter->handleRequest(NULL, Object(Config\Cache), false)
#7 /Users/yassuki/works/web/address_book/morelab/public/index.php(37): CodeIgniter\CodeIgniter->run()
#8 /Users/yassuki/works/web/address_book/morelab/vendor/codeigniter4/framework/system/Commands/Server/rewrite.php(43): require_once('/Users/yassuki/...')
#9 {main}
CRITICAL - 2023-10-27 01:17:09 --> Undefined variable $display_name
#0 /Users/yassuki/works/web/address_book/morelab/app/Views/admin/address-book/address-book.php(55): CodeIgniter\Debug\Exceptions->errorHandler(2, 'Undefined varia...', '/Users/yassuki/...', 55)
#1 /Users/yassuki/works/web/address_book/morelab/vendor/codeigniter4/framework/system/View/View.php(210): include('/Users/yassuki/...')
#2 /Users/yassuki/works/web/address_book/morelab/vendor/codeigniter4/framework/system/View/View.php(213): CodeIgniter\View\View->CodeIgniter\View\{closure}()
#3 /Users/yassuki/works/web/address_book/morelab/vendor/codeigniter4/framework/system/Common.php(1089): CodeIgniter\View\View->render('admin/address-b...', Array, true)
#4 /Users/yassuki/works/web/address_book/morelab/app/Controllers/Admin/address_book.php(78): view('admin/address-b...', Array)
#5 /Users/yassuki/works/web/address_book/morelab/vendor/codeigniter4/framework/system/CodeIgniter.php(825): App\Controllers\Admin\address_book->delete()
#6 /Users/yassuki/works/web/address_book/morelab/vendor/codeigniter4/framework/system/CodeIgniter.php(412): CodeIgniter\CodeIgniter->runController(Object(App\Controllers\Admin\address_book))
#7 /Users/yassuki/works/web/address_book/morelab/vendor/codeigniter4/framework/system/CodeIgniter.php(320): CodeIgniter\CodeIgniter->handleRequest(NULL, Object(Config\Cache), false)
#8 /Users/yassuki/works/web/address_book/morelab/public/index.php(37): CodeIgniter\CodeIgniter->run()
#9 /Users/yassuki/works/web/address_book/morelab/vendor/codeigniter4/framework/system/Commands/Server/rewrite.php(43): require_once('/Users/yassuki/...')
#10 {main}
CRITICAL - 2023-10-27 01:17:28 --> Undefined variable $display_name
#0 /Users/yassuki/works/web/address_book/morelab/app/Views/admin/address-book/address-book.php(55): CodeIgniter\Debug\Exceptions->errorHandler(2, 'Undefined varia...', '/Users/yassuki/...', 55)
#1 /Users/yassuki/works/web/address_book/morelab/vendor/codeigniter4/framework/system/View/View.php(210): include('/Users/yassuki/...')
#2 /Users/yassuki/works/web/address_book/morelab/vendor/codeigniter4/framework/system/View/View.php(213): CodeIgniter\View\View->CodeIgniter\View\{closure}()
#3 /Users/yassuki/works/web/address_book/morelab/vendor/codeigniter4/framework/system/Common.php(1089): CodeIgniter\View\View->render('admin/address-b...', Array, true)
#4 /Users/yassuki/works/web/address_book/morelab/app/Controllers/Admin/address_book.php(78): view('admin/address-b...', Array)
#5 /Users/yassuki/works/web/address_book/morelab/vendor/codeigniter4/framework/system/CodeIgniter.php(825): App\Controllers\Admin\address_book->delete()
#6 /Users/yassuki/works/web/address_book/morelab/vendor/codeigniter4/framework/system/CodeIgniter.php(412): CodeIgniter\CodeIgniter->runController(Object(App\Controllers\Admin\address_book))
#7 /Users/yassuki/works/web/address_book/morelab/vendor/codeigniter4/framework/system/CodeIgniter.php(320): CodeIgniter\CodeIgniter->handleRequest(NULL, Object(Config\Cache), false)
#8 /Users/yassuki/works/web/address_book/morelab/public/index.php(37): CodeIgniter\CodeIgniter->run()
#9 /Users/yassuki/works/web/address_book/morelab/vendor/codeigniter4/framework/system/Commands/Server/rewrite.php(43): require_once('/Users/yassuki/...')
#10 {main}
CRITICAL - 2023-10-27 01:25:50 --> Undefined variable $display_name
#0 /Users/yassuki/works/web/address_book/morelab/app/Views/admin/address-book/address-book.php(55): CodeIgniter\Debug\Exceptions->errorHandler(2, 'Undefined varia...', '/Users/yassuki/...', 55)
#1 /Users/yassuki/works/web/address_book/morelab/vendor/codeigniter4/framework/system/View/View.php(210): include('/Users/yassuki/...')
#2 /Users/yassuki/works/web/address_book/morelab/vendor/codeigniter4/framework/system/View/View.php(213): CodeIgniter\View\View->CodeIgniter\View\{closure}()
#3 /Users/yassuki/works/web/address_book/morelab/vendor/codeigniter4/framework/system/Common.php(1089): CodeIgniter\View\View->render('admin/address-b...', Array, true)
#4 /Users/yassuki/works/web/address_book/morelab/app/Controllers/Admin/address_book.php(79): view('admin/address-b...', Array)
#5 /Users/yassuki/works/web/address_book/morelab/vendor/codeigniter4/framework/system/CodeIgniter.php(825): App\Controllers\Admin\address_book->delete()
#6 /Users/yassuki/works/web/address_book/morelab/vendor/codeigniter4/framework/system/CodeIgniter.php(412): CodeIgniter\CodeIgniter->runController(Object(App\Controllers\Admin\address_book))
#7 /Users/yassuki/works/web/address_book/morelab/vendor/codeigniter4/framework/system/CodeIgniter.php(320): CodeIgniter\CodeIgniter->handleRequest(NULL, Object(Config\Cache), false)
#8 /Users/yassuki/works/web/address_book/morelab/public/index.php(37): CodeIgniter\CodeIgniter->run()
#9 /Users/yassuki/works/web/address_book/morelab/vendor/codeigniter4/framework/system/Commands/Server/rewrite.php(43): require_once('/Users/yassuki/...')
#10 {main}
CRITICAL - 2023-10-27 01:38:04 --> Cannot use object of type stdClass as array
#0 /Users/yassuki/works/web/address_book/morelab/app/Controllers/Admin/Usermanagement.php(139): App\Models\UsersModel->add_user()
#1 /Users/yassuki/works/web/address_book/morelab/vendor/codeigniter4/framework/system/CodeIgniter.php(825): App\Controllers\Admin\UserManagement->add_user_post()
#2 /Users/yassuki/works/web/address_book/morelab/vendor/codeigniter4/framework/system/CodeIgniter.php(412): CodeIgniter\CodeIgniter->runController(Object(App\Controllers\Admin\UserManagement))
#3 /Users/yassuki/works/web/address_book/morelab/vendor/codeigniter4/framework/system/CodeIgniter.php(320): CodeIgniter\CodeIgniter->handleRequest(NULL, Object(Config\Cache), false)
#4 /Users/yassuki/works/web/address_book/morelab/public/index.php(37): CodeIgniter\CodeIgniter->run()
#5 /Users/yassuki/works/web/address_book/morelab/vendor/codeigniter4/framework/system/Commands/Server/rewrite.php(43): require_once('/Users/yassuki/...')
#6 {main}
CRITICAL - 2023-10-27 01:38:12 --> Cannot use object of type stdClass as array
#0 /Users/yassuki/works/web/address_book/morelab/app/Controllers/Admin/Usermanagement.php(139): App\Models\UsersModel->add_user()
#1 /Users/yassuki/works/web/address_book/morelab/vendor/codeigniter4/framework/system/CodeIgniter.php(825): App\Controllers\Admin\UserManagement->add_user_post()
#2 /Users/yassuki/works/web/address_book/morelab/vendor/codeigniter4/framework/system/CodeIgniter.php(412): CodeIgniter\CodeIgniter->runController(Object(App\Controllers\Admin\UserManagement))
#3 /Users/yassuki/works/web/address_book/morelab/vendor/codeigniter4/framework/system/CodeIgniter.php(320): CodeIgniter\CodeIgniter->handleRequest(NULL, Object(Config\Cache), false)
#4 /Users/yassuki/works/web/address_book/morelab/public/index.php(37): CodeIgniter\CodeIgniter->run()
#5 /Users/yassuki/works/web/address_book/morelab/vendor/codeigniter4/framework/system/Commands/Server/rewrite.php(43): require_once('/Users/yassuki/...')
#6 {main}
CRITICAL - 2023-10-27 01:38:30 --> Cannot use object of type stdClass as array
#0 /Users/yassuki/works/web/address_book/morelab/app/Controllers/Admin/Usermanagement.php(139): App\Models\UsersModel->add_user()
#1 /Users/yassuki/works/web/address_book/morelab/vendor/codeigniter4/framework/system/CodeIgniter.php(825): App\Controllers\Admin\UserManagement->add_user_post()
#2 /Users/yassuki/works/web/address_book/morelab/vendor/codeigniter4/framework/system/CodeIgniter.php(412): CodeIgniter\CodeIgniter->runController(Object(App\Controllers\Admin\UserManagement))
#3 /Users/yassuki/works/web/address_book/morelab/vendor/codeigniter4/framework/system/CodeIgniter.php(320): CodeIgniter\CodeIgniter->handleRequest(NULL, Object(Config\Cache), false)
#4 /Users/yassuki/works/web/address_book/morelab/public/index.php(37): CodeIgniter\CodeIgniter->run()
#5 /Users/yassuki/works/web/address_book/morelab/vendor/codeigniter4/framework/system/Commands/Server/rewrite.php(43): require_once('/Users/yassuki/...')
#6 {main}
CRITICAL - 2023-10-27 01:48:52 --> Undefined variable $display_name
#0 /Users/yassuki/works/web/address_book/morelab/app/Views/admin/address-book/address-book.php(55): CodeIgniter\Debug\Exceptions->errorHandler(2, 'Undefined varia...', '/Users/yassuki/...', 55)
#1 /Users/yassuki/works/web/address_book/morelab/vendor/codeigniter4/framework/system/View/View.php(210): include('/Users/yassuki/...')
#2 /Users/yassuki/works/web/address_book/morelab/vendor/codeigniter4/framework/system/View/View.php(213): CodeIgniter\View\View->CodeIgniter\View\{closure}()
#3 /Users/yassuki/works/web/address_book/morelab/vendor/codeigniter4/framework/system/Common.php(1089): CodeIgniter\View\View->render('admin/address-b...', Array, true)
#4 /Users/yassuki/works/web/address_book/morelab/app/Controllers/Admin/address_book.php(87): view('admin/address-b...', Array)
#5 /Users/yassuki/works/web/address_book/morelab/vendor/codeigniter4/framework/system/CodeIgniter.php(825): App\Controllers\Admin\address_book->delete()
#6 /Users/yassuki/works/web/address_book/morelab/vendor/codeigniter4/framework/system/CodeIgniter.php(412): CodeIgniter\CodeIgniter->runController(Object(App\Controllers\Admin\address_book))
#7 /Users/yassuki/works/web/address_book/morelab/vendor/codeigniter4/framework/system/CodeIgniter.php(320): CodeIgniter\CodeIgniter->handleRequest(NULL, Object(Config\Cache), false)
#8 /Users/yassuki/works/web/address_book/morelab/public/index.php(37): CodeIgniter\CodeIgniter->run()
#9 /Users/yassuki/works/web/address_book/morelab/vendor/codeigniter4/framework/system/Commands/Server/rewrite.php(43): require_once('/Users/yassuki/...')
#10 {main}
ERROR - 2023-10-27 01:51:53 --> Duplicate entry 'GLOB' for key 'PRIMARY'
CRITICAL - 2023-10-27 01:51:53 --> Duplicate entry 'GLOB' for key 'PRIMARY'
#0 /Users/yassuki/works/web/address_book/morelab/vendor/codeigniter4/framework/system/Database/MySQLi/Connection.php(292): mysqli->query('INSERT INTO `cl...', 0)
#1 /Users/yassuki/works/web/address_book/morelab/vendor/codeigniter4/framework/system/Database/BaseConnection.php(670): CodeIgniter\Database\MySQLi\Connection->execute('INSERT INTO `cl...')
#2 /Users/yassuki/works/web/address_book/morelab/vendor/codeigniter4/framework/system/Database/BaseConnection.php(598): CodeIgniter\Database\BaseConnection->simpleQuery('INSERT INTO `cl...')
#3 /Users/yassuki/works/web/address_book/morelab/vendor/codeigniter4/framework/system/Database/BaseBuilder.php(1771): CodeIgniter\Database\BaseConnection->query('INSERT INTO `cl...', Array, false)
#4 /Users/yassuki/works/web/address_book/morelab/app/Models/ClientModel.php(33): CodeIgniter\Database\BaseBuilder->insert(Array)
#5 /Users/yassuki/works/web/address_book/morelab/app/Controllers/Admin/Customer.php(53): App\Models\ClientModel->NewClient('GLOB', 'test', 'MIITEL')
#6 /Users/yassuki/works/web/address_book/morelab/vendor/codeigniter4/framework/system/CodeIgniter.php(825): App\Controllers\Admin\Customer->save()
#7 /Users/yassuki/works/web/address_book/morelab/vendor/codeigniter4/framework/system/CodeIgniter.php(412): CodeIgniter\CodeIgniter->runController(Object(App\Controllers\Admin\Customer))
#8 /Users/yassuki/works/web/address_book/morelab/vendor/codeigniter4/framework/system/CodeIgniter.php(320): CodeIgniter\CodeIgniter->handleRequest(NULL, Object(Config\Cache), false)
#9 /Users/yassuki/works/web/address_book/morelab/public/index.php(37): CodeIgniter\CodeIgniter->run()
#10 /Users/yassuki/works/web/address_book/morelab/vendor/codeigniter4/framework/system/Commands/Server/rewrite.php(43): require_once('/Users/yassuki/...')
#11 {main}
CRITICAL - 2023-10-27 01:53:38 --> Call to undefined function App\Controllers\Admin\random_string()
#0 /Users/yassuki/works/web/address_book/morelab/vendor/codeigniter4/framework/system/CodeIgniter.php(825): App\Controllers\Admin\Customer->save()
#1 /Users/yassuki/works/web/address_book/morelab/vendor/codeigniter4/framework/system/CodeIgniter.php(412): CodeIgniter\CodeIgniter->runController(Object(App\Controllers\Admin\Customer))
#2 /Users/yassuki/works/web/address_book/morelab/vendor/codeigniter4/framework/system/CodeIgniter.php(320): CodeIgniter\CodeIgniter->handleRequest(NULL, Object(Config\Cache), false)
#3 /Users/yassuki/works/web/address_book/morelab/public/index.php(37): CodeIgniter\CodeIgniter->run()
#4 /Users/yassuki/works/web/address_book/morelab/vendor/codeigniter4/framework/system/Commands/Server/rewrite.php(43): require_once('/Users/yassuki/...')
#5 {main}
CRITICAL - 2023-10-27 01:53:58 --> Call to undefined function App\Controllers\Admin\randomstring()
#0 /Users/yassuki/works/web/address_book/morelab/vendor/codeigniter4/framework/system/CodeIgniter.php(825): App\Controllers\Admin\Customer->save()
#1 /Users/yassuki/works/web/address_book/morelab/vendor/codeigniter4/framework/system/CodeIgniter.php(412): CodeIgniter\CodeIgniter->runController(Object(App\Controllers\Admin\Customer))
#2 /Users/yassuki/works/web/address_book/morelab/vendor/codeigniter4/framework/system/CodeIgniter.php(320): CodeIgniter\CodeIgniter->handleRequest(NULL, Object(Config\Cache), false)
#3 /Users/yassuki/works/web/address_book/morelab/public/index.php(37): CodeIgniter\CodeIgniter->run()
#4 /Users/yassuki/works/web/address_book/morelab/vendor/codeigniter4/framework/system/Commands/Server/rewrite.php(43): require_once('/Users/yassuki/...')
#5 {main}
CRITICAL - 2023-10-27 01:54:48 --> Undefined property: App\Controllers\Admin\Customer::$load
#0 /Users/yassuki/works/web/address_book/morelab/app/Controllers/Admin/Customer.php(46): CodeIgniter\Debug\Exceptions->errorHandler(2, 'Undefined prope...', '/Users/yassuki/...', 46)
#1 /Users/yassuki/works/web/address_book/morelab/vendor/codeigniter4/framework/system/CodeIgniter.php(825): App\Controllers\Admin\Customer->save()
#2 /Users/yassuki/works/web/address_book/morelab/vendor/codeigniter4/framework/system/CodeIgniter.php(412): CodeIgniter\CodeIgniter->runController(Object(App\Controllers\Admin\Customer))
#3 /Users/yassuki/works/web/address_book/morelab/vendor/codeigniter4/framework/system/CodeIgniter.php(320): CodeIgniter\CodeIgniter->handleRequest(NULL, Object(Config\Cache), false)
#4 /Users/yassuki/works/web/address_book/morelab/public/index.php(37): CodeIgniter\CodeIgniter->run()
#5 /Users/yassuki/works/web/address_book/morelab/vendor/codeigniter4/framework/system/Commands/Server/rewrite.php(43): require_once('/Users/yassuki/...')
#6 {main}
CRITICAL - 2023-10-27 01:56:30 --> Call to undefined function App\Controllers\Admin\random_string()
#0 /Users/yassuki/works/web/address_book/morelab/vendor/codeigniter4/framework/system/CodeIgniter.php(825): App\Controllers\Admin\Customer->save()
#1 /Users/yassuki/works/web/address_book/morelab/vendor/codeigniter4/framework/system/CodeIgniter.php(412): CodeIgniter\CodeIgniter->runController(Object(App\Controllers\Admin\Customer))
#2 /Users/yassuki/works/web/address_book/morelab/vendor/codeigniter4/framework/system/CodeIgniter.php(320): CodeIgniter\CodeIgniter->handleRequest(NULL, Object(Config\Cache), false)
#3 /Users/yassuki/works/web/address_book/morelab/public/index.php(37): CodeIgniter\CodeIgniter->run()
#4 /Users/yassuki/works/web/address_book/morelab/vendor/codeigniter4/framework/system/Commands/Server/rewrite.php(43): require_once('/Users/yassuki/...')
#5 {main}
CRITICAL - 2023-10-27 01:56:39 --> Call to undefined function random_string()
#0 /Users/yassuki/works/web/address_book/morelab/vendor/codeigniter4/framework/system/CodeIgniter.php(825): App\Controllers\Admin\Customer->save()
#1 /Users/yassuki/works/web/address_book/morelab/vendor/codeigniter4/framework/system/CodeIgniter.php(412): CodeIgniter\CodeIgniter->runController(Object(App\Controllers\Admin\Customer))
#2 /Users/yassuki/works/web/address_book/morelab/vendor/codeigniter4/framework/system/CodeIgniter.php(320): CodeIgniter\CodeIgniter->handleRequest(NULL, Object(Config\Cache), false)
#3 /Users/yassuki/works/web/address_book/morelab/public/index.php(37): CodeIgniter\CodeIgniter->run()
#4 /Users/yassuki/works/web/address_book/morelab/vendor/codeigniter4/framework/system/Commands/Server/rewrite.php(43): require_once('/Users/yassuki/...')
#5 {main}
CRITICAL - 2023-10-27 01:56:58 --> Call to undefined method App\Controllers\Admin\Customer::random_string()
#0 /Users/yassuki/works/web/address_book/morelab/vendor/codeigniter4/framework/system/CodeIgniter.php(825): App\Controllers\Admin\Customer->save()
#1 /Users/yassuki/works/web/address_book/morelab/vendor/codeigniter4/framework/system/CodeIgniter.php(412): CodeIgniter\CodeIgniter->runController(Object(App\Controllers\Admin\Customer))
#2 /Users/yassuki/works/web/address_book/morelab/vendor/codeigniter4/framework/system/CodeIgniter.php(320): CodeIgniter\CodeIgniter->handleRequest(NULL, Object(Config\Cache), false)
#3 /Users/yassuki/works/web/address_book/morelab/public/index.php(37): CodeIgniter\CodeIgniter->run()
#4 /Users/yassuki/works/web/address_book/morelab/vendor/codeigniter4/framework/system/Commands/Server/rewrite.php(43): require_once('/Users/yassuki/...')
#5 {main}
CRITICAL - 2023-10-27 01:57:05 --> Call to undefined function App\Controllers\Admin\random_string()
#0 /Users/yassuki/works/web/address_book/morelab/vendor/codeigniter4/framework/system/CodeIgniter.php(825): App\Controllers\Admin\Customer->save()
#1 /Users/yassuki/works/web/address_book/morelab/vendor/codeigniter4/framework/system/CodeIgniter.php(412): CodeIgniter\CodeIgniter->runController(Object(App\Controllers\Admin\Customer))
#2 /Users/yassuki/works/web/address_book/morelab/vendor/codeigniter4/framework/system/CodeIgniter.php(320): CodeIgniter\CodeIgniter->handleRequest(NULL, Object(Config\Cache), false)
#3 /Users/yassuki/works/web/address_book/morelab/public/index.php(37): CodeIgniter\CodeIgniter->run()
#4 /Users/yassuki/works/web/address_book/morelab/vendor/codeigniter4/framework/system/Commands/Server/rewrite.php(43): require_once('/Users/yassuki/...')
#5 {main}
CRITICAL - 2023-10-27 01:58:14 --> Call to undefined function App\Controllers\Admin\generateRandomString()
#0 /Users/yassuki/works/web/address_book/morelab/vendor/codeigniter4/framework/system/CodeIgniter.php(825): App\Controllers\Admin\Customer->save()
#1 /Users/yassuki/works/web/address_book/morelab/vendor/codeigniter4/framework/system/CodeIgniter.php(412): CodeIgniter\CodeIgniter->runController(Object(App\Controllers\Admin\Customer))
#2 /Users/yassuki/works/web/address_book/morelab/vendor/codeigniter4/framework/system/CodeIgniter.php(320): CodeIgniter\CodeIgniter->handleRequest(NULL, Object(Config\Cache), false)
#3 /Users/yassuki/works/web/address_book/morelab/public/index.php(37): CodeIgniter\CodeIgniter->run()
#4 /Users/yassuki/works/web/address_book/morelab/vendor/codeigniter4/framework/system/Commands/Server/rewrite.php(43): require_once('/Users/yassuki/...')
#5 {main}
CRITICAL - 2023-10-27 02:14:44 --> Declaration of App\Models\ClientModel::delete($client_id) must be compatible with CodeIgniter\BaseModel::delete($id = null, bool $purge = false)
#0 [internal function]: CodeIgniter\Debug\Exceptions->shutdownHandler()
#1 {main}
CRITICAL - 2023-10-27 02:17:06 --> Undefined array key 0
#0 /Users/yassuki/works/web/address_book/morelab/app/Controllers/Admin/Customer.php(56): CodeIgniter\Debug\Exceptions->errorHandler(2, 'Undefined array...', '/Users/yassuki/...', 56)
#1 /Users/yassuki/works/web/address_book/morelab/vendor/codeigniter4/framework/system/CodeIgniter.php(825): App\Controllers\Admin\Customer->delete()
#2 /Users/yassuki/works/web/address_book/morelab/vendor/codeigniter4/framework/system/CodeIgniter.php(412): CodeIgniter\CodeIgniter->runController(Object(App\Controllers\Admin\Customer))
#3 /Users/yassuki/works/web/address_book/morelab/vendor/codeigniter4/framework/system/CodeIgniter.php(320): CodeIgniter\CodeIgniter->handleRequest(NULL, Object(Config\Cache), false)
#4 /Users/yassuki/works/web/address_book/morelab/public/index.php(37): CodeIgniter\CodeIgniter->run()
#5 /Users/yassuki/works/web/address_book/morelab/vendor/codeigniter4/framework/system/Commands/Server/rewrite.php(43): require_once('/Users/yassuki/...')
#6 {main}
CRITICAL - 2023-10-27 02:17:12 --> Undefined array key 0
#0 /Users/yassuki/works/web/address_book/morelab/app/Controllers/Admin/Customer.php(56): CodeIgniter\Debug\Exceptions->errorHandler(2, 'Undefined array...', '/Users/yassuki/...', 56)
#1 /Users/yassuki/works/web/address_book/morelab/vendor/codeigniter4/framework/system/CodeIgniter.php(825): App\Controllers\Admin\Customer->delete()
#2 /Users/yassuki/works/web/address_book/morelab/vendor/codeigniter4/framework/system/CodeIgniter.php(412): CodeIgniter\CodeIgniter->runController(Object(App\Controllers\Admin\Customer))
#3 /Users/yassuki/works/web/address_book/morelab/vendor/codeigniter4/framework/system/CodeIgniter.php(320): CodeIgniter\CodeIgniter->handleRequest(NULL, Object(Config\Cache), false)
#4 /Users/yassuki/works/web/address_book/morelab/public/index.php(37): CodeIgniter\CodeIgniter->run()
#5 /Users/yassuki/works/web/address_book/morelab/vendor/codeigniter4/framework/system/Commands/Server/rewrite.php(43): require_once('/Users/yassuki/...')
#6 {main}
CRITICAL - 2023-10-27 03:47:05 --> Undefined variable $title
#0 /Users/yassuki/works/web/address_book/morelab/app/Views/auth/login.php(7): CodeIgniter\Debug\Exceptions->errorHandler(2, 'Undefined varia...', '/Users/yassuki/...', 7)
#1 /Users/yassuki/works/web/address_book/morelab/vendor/codeigniter4/framework/system/View/View.php(210): include('/Users/yassuki/...')
#2 /Users/yassuki/works/web/address_book/morelab/vendor/codeigniter4/framework/system/View/View.php(213): CodeIgniter\View\View->CodeIgniter\View\{closure}()
#3 /Users/yassuki/works/web/address_book/morelab/vendor/codeigniter4/framework/system/Common.php(1089): CodeIgniter\View\View->render('auth/login', Array, true)
#4 /Users/yassuki/works/web/address_book/morelab/app/Controllers/Home.php(11): view('auth/login')
#5 /Users/yassuki/works/web/address_book/morelab/vendor/codeigniter4/framework/system/CodeIgniter.php(825): App\Controllers\Home->index()
#6 /Users/yassuki/works/web/address_book/morelab/vendor/codeigniter4/framework/system/CodeIgniter.php(412): CodeIgniter\CodeIgniter->runController(Object(App\Controllers\Home))
#7 /Users/yassuki/works/web/address_book/morelab/vendor/codeigniter4/framework/system/CodeIgniter.php(320): CodeIgniter\CodeIgniter->handleRequest(NULL, Object(Config\Cache), false)
#8 /Users/yassuki/works/web/address_book/morelab/public/index.php(37): CodeIgniter\CodeIgniter->run()
#9 /Users/yassuki/works/web/address_book/morelab/vendor/codeigniter4/framework/system/Commands/Server/rewrite.php(43): require_once('/Users/yassuki/...')
#10 {main}
CRITICAL - 2023-10-27 03:47:08 --> Undefined variable $title
#0 /Users/yassuki/works/web/address_book/morelab/app/Views/auth/login.php(7): CodeIgniter\Debug\Exceptions->errorHandler(2, 'Undefined varia...', '/Users/yassuki/...', 7)
#1 /Users/yassuki/works/web/address_book/morelab/vendor/codeigniter4/framework/system/View/View.php(210): include('/Users/yassuki/...')
#2 /Users/yassuki/works/web/address_book/morelab/vendor/codeigniter4/framework/system/View/View.php(213): CodeIgniter\View\View->CodeIgniter\View\{closure}()
#3 /Users/yassuki/works/web/address_book/morelab/vendor/codeigniter4/framework/system/Common.php(1089): CodeIgniter\View\View->render('auth/login', Array, true)
#4 /Users/yassuki/works/web/address_book/morelab/app/Controllers/Home.php(11): view('auth/login')
#5 /Users/yassuki/works/web/address_book/morelab/vendor/codeigniter4/framework/system/CodeIgniter.php(825): App\Controllers\Home->index()
#6 /Users/yassuki/works/web/address_book/morelab/vendor/codeigniter4/framework/system/CodeIgniter.php(412): CodeIgniter\CodeIgniter->runController(Object(App\Controllers\Home))
#7 /Users/yassuki/works/web/address_book/morelab/vendor/codeigniter4/framework/system/CodeIgniter.php(320): CodeIgniter\CodeIgniter->handleRequest(NULL, Object(Config\Cache), false)
#8 /Users/yassuki/works/web/address_book/morelab/public/index.php(37): CodeIgniter\CodeIgniter->run()
#9 /Users/yassuki/works/web/address_book/morelab/vendor/codeigniter4/framework/system/Commands/Server/rewrite.php(43): require_once('/Users/yassuki/...')
#10 {main}
CRITICAL - 2023-10-27 03:47:08 --> Undefined variable $title
#0 /Users/yassuki/works/web/address_book/morelab/app/Views/auth/login.php(7): CodeIgniter\Debug\Exceptions->errorHandler(2, 'Undefined varia...', '/Users/yassuki/...', 7)
#1 /Users/yassuki/works/web/address_book/morelab/vendor/codeigniter4/framework/system/View/View.php(210): include('/Users/yassuki/...')
#2 /Users/yassuki/works/web/address_book/morelab/vendor/codeigniter4/framework/system/View/View.php(213): CodeIgniter\View\View->CodeIgniter\View\{closure}()
#3 /Users/yassuki/works/web/address_book/morelab/vendor/codeigniter4/framework/system/Common.php(1089): CodeIgniter\View\View->render('auth/login', Array, true)
#4 /Users/yassuki/works/web/address_book/morelab/app/Controllers/Home.php(11): view('auth/login')
#5 /Users/yassuki/works/web/address_book/morelab/vendor/codeigniter4/framework/system/CodeIgniter.php(825): App\Controllers\Home->index()
#6 /Users/yassuki/works/web/address_book/morelab/vendor/codeigniter4/framework/system/CodeIgniter.php(412): CodeIgniter\CodeIgniter->runController(Object(App\Controllers\Home))
#7 /Users/yassuki/works/web/address_book/morelab/vendor/codeigniter4/framework/system/CodeIgniter.php(320): CodeIgniter\CodeIgniter->handleRequest(NULL, Object(Config\Cache), false)
#8 /Users/yassuki/works/web/address_book/morelab/public/index.php(37): CodeIgniter\CodeIgniter->run()
#9 /Users/yassuki/works/web/address_book/morelab/vendor/codeigniter4/framework/system/Commands/Server/rewrite.php(43): require_once('/Users/yassuki/...')
#10 {main}
CRITICAL - 2023-10-27 03:47:09 --> Undefined variable $title
#0 /Users/yassuki/works/web/address_book/morelab/app/Views/auth/login.php(7): CodeIgniter\Debug\Exceptions->errorHandler(2, 'Undefined varia...', '/Users/yassuki/...', 7)
#1 /Users/yassuki/works/web/address_book/morelab/vendor/codeigniter4/framework/system/View/View.php(210): include('/Users/yassuki/...')
#2 /Users/yassuki/works/web/address_book/morelab/vendor/codeigniter4/framework/system/View/View.php(213): CodeIgniter\View\View->CodeIgniter\View\{closure}()
#3 /Users/yassuki/works/web/address_book/morelab/vendor/codeigniter4/framework/system/Common.php(1089): CodeIgniter\View\View->render('auth/login', Array, true)
#4 /Users/yassuki/works/web/address_book/morelab/app/Controllers/Home.php(11): view('auth/login')
#5 /Users/yassuki/works/web/address_book/morelab/vendor/codeigniter4/framework/system/CodeIgniter.php(825): App\Controllers\Home->index()
#6 /Users/yassuki/works/web/address_book/morelab/vendor/codeigniter4/framework/system/CodeIgniter.php(412): CodeIgniter\CodeIgniter->runController(Object(App\Controllers\Home))
#7 /Users/yassuki/works/web/address_book/morelab/vendor/codeigniter4/framework/system/CodeIgniter.php(320): CodeIgniter\CodeIgniter->handleRequest(NULL, Object(Config\Cache), false)
#8 /Users/yassuki/works/web/address_book/morelab/public/index.php(37): CodeIgniter\CodeIgniter->run()
#9 /Users/yassuki/works/web/address_book/morelab/vendor/codeigniter4/framework/system/Commands/Server/rewrite.php(43): require_once('/Users/yassuki/...')
#10 {main}
CRITICAL - 2023-10-27 03:47:09 --> Undefined variable $title
#0 /Users/yassuki/works/web/address_book/morelab/app/Views/auth/login.php(7): CodeIgniter\Debug\Exceptions->errorHandler(2, 'Undefined varia...', '/Users/yassuki/...', 7)
#1 /Users/yassuki/works/web/address_book/morelab/vendor/codeigniter4/framework/system/View/View.php(210): include('/Users/yassuki/...')
#2 /Users/yassuki/works/web/address_book/morelab/vendor/codeigniter4/framework/system/View/View.php(213): CodeIgniter\View\View->CodeIgniter\View\{closure}()
#3 /Users/yassuki/works/web/address_book/morelab/vendor/codeigniter4/framework/system/Common.php(1089): CodeIgniter\View\View->render('auth/login', Array, true)
#4 /Users/yassuki/works/web/address_book/morelab/app/Controllers/Home.php(11): view('auth/login')
#5 /Users/yassuki/works/web/address_book/morelab/vendor/codeigniter4/framework/system/CodeIgniter.php(825): App\Controllers\Home->index()
#6 /Users/yassuki/works/web/address_book/morelab/vendor/codeigniter4/framework/system/CodeIgniter.php(412): CodeIgniter\CodeIgniter->runController(Object(App\Controllers\Home))
#7 /Users/yassuki/works/web/address_book/morelab/vendor/codeigniter4/framework/system/CodeIgniter.php(320): CodeIgniter\CodeIgniter->handleRequest(NULL, Object(Config\Cache), false)
#8 /Users/yassuki/works/web/address_book/morelab/public/index.php(37): CodeIgniter\CodeIgniter->run()
#9 /Users/yassuki/works/web/address_book/morelab/vendor/codeigniter4/framework/system/Commands/Server/rewrite.php(43): require_once('/Users/yassuki/...')
#10 {main}
CRITICAL - 2023-10-27 03:47:09 --> Undefined variable $title
#0 /Users/yassuki/works/web/address_book/morelab/app/Views/auth/login.php(7): CodeIgniter\Debug\Exceptions->errorHandler(2, 'Undefined varia...', '/Users/yassuki/...', 7)
#1 /Users/yassuki/works/web/address_book/morelab/vendor/codeigniter4/framework/system/View/View.php(210): include('/Users/yassuki/...')
#2 /Users/yassuki/works/web/address_book/morelab/vendor/codeigniter4/framework/system/View/View.php(213): CodeIgniter\View\View->CodeIgniter\View\{closure}()
#3 /Users/yassuki/works/web/address_book/morelab/vendor/codeigniter4/framework/system/Common.php(1089): CodeIgniter\View\View->render('auth/login', Array, true)
#4 /Users/yassuki/works/web/address_book/morelab/app/Controllers/Home.php(11): view('auth/login')
#5 /Users/yassuki/works/web/address_book/morelab/vendor/codeigniter4/framework/system/CodeIgniter.php(825): App\Controllers\Home->index()
#6 /Users/yassuki/works/web/address_book/morelab/vendor/codeigniter4/framework/system/CodeIgniter.php(412): CodeIgniter\CodeIgniter->runController(Object(App\Controllers\Home))
#7 /Users/yassuki/works/web/address_book/morelab/vendor/codeigniter4/framework/system/CodeIgniter.php(320): CodeIgniter\CodeIgniter->handleRequest(NULL, Object(Config\Cache), false)
#8 /Users/yassuki/works/web/address_book/morelab/public/index.php(37): CodeIgniter\CodeIgniter->run()
#9 /Users/yassuki/works/web/address_book/morelab/vendor/codeigniter4/framework/system/Commands/Server/rewrite.php(43): require_once('/Users/yassuki/...')
#10 {main}
CRITICAL - 2023-10-27 03:47:09 --> Undefined variable $title
#0 /Users/yassuki/works/web/address_book/morelab/app/Views/auth/login.php(7): CodeIgniter\Debug\Exceptions->errorHandler(2, 'Undefined varia...', '/Users/yassuki/...', 7)
#1 /Users/yassuki/works/web/address_book/morelab/vendor/codeigniter4/framework/system/View/View.php(210): include('/Users/yassuki/...')
#2 /Users/yassuki/works/web/address_book/morelab/vendor/codeigniter4/framework/system/View/View.php(213): CodeIgniter\View\View->CodeIgniter\View\{closure}()
#3 /Users/yassuki/works/web/address_book/morelab/vendor/codeigniter4/framework/system/Common.php(1089): CodeIgniter\View\View->render('auth/login', Array, true)
#4 /Users/yassuki/works/web/address_book/morelab/app/Controllers/Home.php(11): view('auth/login')
#5 /Users/yassuki/works/web/address_book/morelab/vendor/codeigniter4/framework/system/CodeIgniter.php(825): App\Controllers\Home->index()
#6 /Users/yassuki/works/web/address_book/morelab/vendor/codeigniter4/framework/system/CodeIgniter.php(412): CodeIgniter\CodeIgniter->runController(Object(App\Controllers\Home))
#7 /Users/yassuki/works/web/address_book/morelab/vendor/codeigniter4/framework/system/CodeIgniter.php(320): CodeIgniter\CodeIgniter->handleRequest(NULL, Object(Config\Cache), false)
#8 /Users/yassuki/works/web/address_book/morelab/public/index.php(37): CodeIgniter\CodeIgniter->run()
#9 /Users/yassuki/works/web/address_book/morelab/vendor/codeigniter4/framework/system/Commands/Server/rewrite.php(43): require_once('/Users/yassuki/...')
#10 {main}
CRITICAL - 2023-10-27 03:47:09 --> Undefined variable $title
#0 /Users/yassuki/works/web/address_book/morelab/app/Views/auth/login.php(7): CodeIgniter\Debug\Exceptions->errorHandler(2, 'Undefined varia...', '/Users/yassuki/...', 7)
#1 /Users/yassuki/works/web/address_book/morelab/vendor/codeigniter4/framework/system/View/View.php(210): include('/Users/yassuki/...')
#2 /Users/yassuki/works/web/address_book/morelab/vendor/codeigniter4/framework/system/View/View.php(213): CodeIgniter\View\View->CodeIgniter\View\{closure}()
#3 /Users/yassuki/works/web/address_book/morelab/vendor/codeigniter4/framework/system/Common.php(1089): CodeIgniter\View\View->render('auth/login', Array, true)
#4 /Users/yassuki/works/web/address_book/morelab/app/Controllers/Home.php(11): view('auth/login')
#5 /Users/yassuki/works/web/address_book/morelab/vendor/codeigniter4/framework/system/CodeIgniter.php(825): App\Controllers\Home->index()
#6 /Users/yassuki/works/web/address_book/morelab/vendor/codeigniter4/framework/system/CodeIgniter.php(412): CodeIgniter\CodeIgniter->runController(Object(App\Controllers\Home))
#7 /Users/yassuki/works/web/address_book/morelab/vendor/codeigniter4/framework/system/CodeIgniter.php(320): CodeIgniter\CodeIgniter->handleRequest(NULL, Object(Config\Cache), false)
#8 /Users/yassuki/works/web/address_book/morelab/public/index.php(37): CodeIgniter\CodeIgniter->run()
#9 /Users/yassuki/works/web/address_book/morelab/vendor/codeigniter4/framework/system/Commands/Server/rewrite.php(43): require_once('/Users/yassuki/...')
#10 {main}
CRITICAL - 2023-10-27 03:47:09 --> Undefined variable $title
#0 /Users/yassuki/works/web/address_book/morelab/app/Views/auth/login.php(7): CodeIgniter\Debug\Exceptions->errorHandler(2, 'Undefined varia...', '/Users/yassuki/...', 7)
#1 /Users/yassuki/works/web/address_book/morelab/vendor/codeigniter4/framework/system/View/View.php(210): include('/Users/yassuki/...')
#2 /Users/yassuki/works/web/address_book/morelab/vendor/codeigniter4/framework/system/View/View.php(213): CodeIgniter\View\View->CodeIgniter\View\{closure}()
#3 /Users/yassuki/works/web/address_book/morelab/vendor/codeigniter4/framework/system/Common.php(1089): CodeIgniter\View\View->render('auth/login', Array, true)
#4 /Users/yassuki/works/web/address_book/morelab/app/Controllers/Home.php(11): view('auth/login')
#5 /Users/yassuki/works/web/address_book/morelab/vendor/codeigniter4/framework/system/CodeIgniter.php(825): App\Controllers\Home->index()
#6 /Users/yassuki/works/web/address_book/morelab/vendor/codeigniter4/framework/system/CodeIgniter.php(412): CodeIgniter\CodeIgniter->runController(Object(App\Controllers\Home))
#7 /Users/yassuki/works/web/address_book/morelab/vendor/codeigniter4/framework/system/CodeIgniter.php(320): CodeIgniter\CodeIgniter->handleRequest(NULL, Object(Config\Cache), false)
#8 /Users/yassuki/works/web/address_book/morelab/public/index.php(37): CodeIgniter\CodeIgniter->run()
#9 /Users/yassuki/works/web/address_book/morelab/vendor/codeigniter4/framework/system/Commands/Server/rewrite.php(43): require_once('/Users/yassuki/...')
#10 {main}
CRITICAL - 2023-10-27 03:47:10 --> Undefined variable $title
#0 /Users/yassuki/works/web/address_book/morelab/app/Views/auth/login.php(7): CodeIgniter\Debug\Exceptions->errorHandler(2, 'Undefined varia...', '/Users/yassuki/...', 7)
#1 /Users/yassuki/works/web/address_book/morelab/vendor/codeigniter4/framework/system/View/View.php(210): include('/Users/yassuki/...')
#2 /Users/yassuki/works/web/address_book/morelab/vendor/codeigniter4/framework/system/View/View.php(213): CodeIgniter\View\View->CodeIgniter\View\{closure}()
#3 /Users/yassuki/works/web/address_book/morelab/vendor/codeigniter4/framework/system/Common.php(1089): CodeIgniter\View\View->render('auth/login', Array, true)
#4 /Users/yassuki/works/web/address_book/morelab/app/Controllers/Home.php(11): view('auth/login')
#5 /Users/yassuki/works/web/address_book/morelab/vendor/codeigniter4/framework/system/CodeIgniter.php(825): App\Controllers\Home->index()
#6 /Users/yassuki/works/web/address_book/morelab/vendor/codeigniter4/framework/system/CodeIgniter.php(412): CodeIgniter\CodeIgniter->runController(Object(App\Controllers\Home))
#7 /Users/yassuki/works/web/address_book/morelab/vendor/codeigniter4/framework/system/CodeIgniter.php(320): CodeIgniter\CodeIgniter->handleRequest(NULL, Object(Config\Cache), false)
#8 /Users/yassuki/works/web/address_book/morelab/public/index.php(37): CodeIgniter\CodeIgniter->run()
#9 /Users/yassuki/works/web/address_book/morelab/vendor/codeigniter4/framework/system/Commands/Server/rewrite.php(43): require_once('/Users/yassuki/...')
#10 {main}
CRITICAL - 2023-10-27 03:47:10 --> Undefined variable $title
#0 /Users/yassuki/works/web/address_book/morelab/app/Views/auth/login.php(7): CodeIgniter\Debug\Exceptions->errorHandler(2, 'Undefined varia...', '/Users/yassuki/...', 7)
#1 /Users/yassuki/works/web/address_book/morelab/vendor/codeigniter4/framework/system/View/View.php(210): include('/Users/yassuki/...')
#2 /Users/yassuki/works/web/address_book/morelab/vendor/codeigniter4/framework/system/View/View.php(213): CodeIgniter\View\View->CodeIgniter\View\{closure}()
#3 /Users/yassuki/works/web/address_book/morelab/vendor/codeigniter4/framework/system/Common.php(1089): CodeIgniter\View\View->render('auth/login', Array, true)
#4 /Users/yassuki/works/web/address_book/morelab/app/Controllers/Home.php(11): view('auth/login')
#5 /Users/yassuki/works/web/address_book/morelab/vendor/codeigniter4/framework/system/CodeIgniter.php(825): App\Controllers\Home->index()
#6 /Users/yassuki/works/web/address_book/morelab/vendor/codeigniter4/framework/system/CodeIgniter.php(412): CodeIgniter\CodeIgniter->runController(Object(App\Controllers\Home))
#7 /Users/yassuki/works/web/address_book/morelab/vendor/codeigniter4/framework/system/CodeIgniter.php(320): CodeIgniter\CodeIgniter->handleRequest(NULL, Object(Config\Cache), false)
#8 /Users/yassuki/works/web/address_book/morelab/public/index.php(37): CodeIgniter\CodeIgniter->run()
#9 /Users/yassuki/works/web/address_book/morelab/vendor/codeigniter4/framework/system/Commands/Server/rewrite.php(43): require_once('/Users/yassuki/...')
#10 {main}
CRITICAL - 2023-10-27 03:47:10 --> Undefined variable $title
#0 /Users/yassuki/works/web/address_book/morelab/app/Views/auth/login.php(7): CodeIgniter\Debug\Exceptions->errorHandler(2, 'Undefined varia...', '/Users/yassuki/...', 7)
#1 /Users/yassuki/works/web/address_book/morelab/vendor/codeigniter4/framework/system/View/View.php(210): include('/Users/yassuki/...')
#2 /Users/yassuki/works/web/address_book/morelab/vendor/codeigniter4/framework/system/View/View.php(213): CodeIgniter\View\View->CodeIgniter\View\{closure}()
#3 /Users/yassuki/works/web/address_book/morelab/vendor/codeigniter4/framework/system/Common.php(1089): CodeIgniter\View\View->render('auth/login', Array, true)
#4 /Users/yassuki/works/web/address_book/morelab/app/Controllers/Home.php(11): view('auth/login')
#5 /Users/yassuki/works/web/address_book/morelab/vendor/codeigniter4/framework/system/CodeIgniter.php(825): App\Controllers\Home->index()
#6 /Users/yassuki/works/web/address_book/morelab/vendor/codeigniter4/framework/system/CodeIgniter.php(412): CodeIgniter\CodeIgniter->runController(Object(App\Controllers\Home))
#7 /Users/yassuki/works/web/address_book/morelab/vendor/codeigniter4/framework/system/CodeIgniter.php(320): CodeIgniter\CodeIgniter->handleRequest(NULL, Object(Config\Cache), false)
#8 /Users/yassuki/works/web/address_book/morelab/public/index.php(37): CodeIgniter\CodeIgniter->run()
#9 /Users/yassuki/works/web/address_book/morelab/vendor/codeigniter4/framework/system/Commands/Server/rewrite.php(43): require_once('/Users/yassuki/...')
#10 {main}
CRITICAL - 2023-10-27 03:47:10 --> Undefined variable $title
#0 /Users/yassuki/works/web/address_book/morelab/app/Views/auth/login.php(7): CodeIgniter\Debug\Exceptions->errorHandler(2, 'Undefined varia...', '/Users/yassuki/...', 7)
#1 /Users/yassuki/works/web/address_book/morelab/vendor/codeigniter4/framework/system/View/View.php(210): include('/Users/yassuki/...')
#2 /Users/yassuki/works/web/address_book/morelab/vendor/codeigniter4/framework/system/View/View.php(213): CodeIgniter\View\View->CodeIgniter\View\{closure}()
#3 /Users/yassuki/works/web/address_book/morelab/vendor/codeigniter4/framework/system/Common.php(1089): CodeIgniter\View\View->render('auth/login', Array, true)
#4 /Users/yassuki/works/web/address_book/morelab/app/Controllers/Home.php(11): view('auth/login')
#5 /Users/yassuki/works/web/address_book/morelab/vendor/codeigniter4/framework/system/CodeIgniter.php(825): App\Controllers\Home->index()
#6 /Users/yassuki/works/web/address_book/morelab/vendor/codeigniter4/framework/system/CodeIgniter.php(412): CodeIgniter\CodeIgniter->runController(Object(App\Controllers\Home))
#7 /Users/yassuki/works/web/address_book/morelab/vendor/codeigniter4/framework/system/CodeIgniter.php(320): CodeIgniter\CodeIgniter->handleRequest(NULL, Object(Config\Cache), false)
#8 /Users/yassuki/works/web/address_book/morelab/public/index.php(37): CodeIgniter\CodeIgniter->run()
#9 /Users/yassuki/works/web/address_book/morelab/vendor/codeigniter4/framework/system/Commands/Server/rewrite.php(43): require_once('/Users/yassuki/...')
#10 {main}
CRITICAL - 2023-10-27 03:47:10 --> Undefined variable $title
#0 /Users/yassuki/works/web/address_book/morelab/app/Views/auth/login.php(7): CodeIgniter\Debug\Exceptions->errorHandler(2, 'Undefined varia...', '/Users/yassuki/...', 7)
#1 /Users/yassuki/works/web/address_book/morelab/vendor/codeigniter4/framework/system/View/View.php(210): include('/Users/yassuki/...')
#2 /Users/yassuki/works/web/address_book/morelab/vendor/codeigniter4/framework/system/View/View.php(213): CodeIgniter\View\View->CodeIgniter\View\{closure}()
#3 /Users/yassuki/works/web/address_book/morelab/vendor/codeigniter4/framework/system/Common.php(1089): CodeIgniter\View\View->render('auth/login', Array, true)
#4 /Users/yassuki/works/web/address_book/morelab/app/Controllers/Home.php(11): view('auth/login')
#5 /Users/yassuki/works/web/address_book/morelab/vendor/codeigniter4/framework/system/CodeIgniter.php(825): App\Controllers\Home->index()
#6 /Users/yassuki/works/web/address_book/morelab/vendor/codeigniter4/framework/system/CodeIgniter.php(412): CodeIgniter\CodeIgniter->runController(Object(App\Controllers\Home))
#7 /Users/yassuki/works/web/address_book/morelab/vendor/codeigniter4/framework/system/CodeIgniter.php(320): CodeIgniter\CodeIgniter->handleRequest(NULL, Object(Config\Cache), false)
#8 /Users/yassuki/works/web/address_book/morelab/public/index.php(37): CodeIgniter\CodeIgniter->run()
#9 /Users/yassuki/works/web/address_book/morelab/vendor/codeigniter4/framework/system/Commands/Server/rewrite.php(43): require_once('/Users/yassuki/...')
#10 {main}
